#
# There is insufficient memory for the Java Runtime Environment to continue.
# Native memory allocation (malloc) failed to allocate 441776 bytes for Chunk::new
# Possible reasons:
#   The system is out of physical RAM or swap space
#   The process is running with CompressedOops enabled, and the Java Heap may be blocking the growth of the native heap
# Possible solutions:
#   Reduce memory load on the system
#   Increase physical memory or swap space
#   Check if swap backing store is full
#   Decrease Java heap size (-Xmx/-Xms)
#   Decrease number of Java threads
#   Decrease Java thread stack sizes (-Xss)
#   Set larger code cache with -XX:ReservedCodeCacheSize=
#   JVM is running with Zero Based Compressed Oops mode in which the Java heap is
#     placed in the first 32GB address space. The Java Heap base address is the
#     maximum limit for the native heap growth. Please use -XX:HeapBaseMinAddress
#     to set the Java Heap base and to place the Java Heap above 32GB virtual address.
# This output file may be truncated or incomplete.
#
#  Out of Memory Error (arena.cpp:189), pid=24148, tid=22672
#
# JRE version: OpenJDK Runtime Environment Temurin-17.0.8.1+1 (17.0.8.1+1) (build 17.0.8.1+1)
# Java VM: OpenJDK 64-Bit Server VM Temurin-17.0.8.1+1 (17.0.8.1+1, mixed mode, tiered, compressed oops, compressed class ptrs, g1 gc, windows-amd64)
# No core dump will be written. Minidumps are not enabled by default on client versions of Windows
#

---------------  S U M M A R Y ------------

Command Line: -Djpackage.app-version=4.4.7 -Dcompose.application.resources.dir=C:\Program Files\Processing\app\resources -Dcompose.application.configure.swing.globals=true -Dprocessing.version=4.4.7 -Dprocessing.revision=1307 -Dprocessing.contributions.source=https://contributions.processing.org/contribs -Dprocessing.download.page=https://processing.org/download/ -Dprocessing.download.latest=https://processing.org/download/latest.txt -Dprocessing.tutorials=https://processing.org/tutorials/ -Dsun.java2d.metal=true -Dawt.useSystemAAFontSettings=on -Dskiko.library.path=C:\Program Files\Processing\app -Djpackage.app-path=C:\Program Files\Processing\Processing.exe processing.app.ProcessingKt lsp

Host: 11th Gen Intel(R) Core(TM) i7-11800H @ 2.30GHz, 16 cores, 15G,  Windows 11 , 64 bit Build 26100 (10.0.26100.7920)
Time: Wed Mar 25 12:51:04 2026 Eastern Daylight Time elapsed time: 2.147274 seconds (0d 0h 0m 2s)

---------------  T H R E A D  ---------------

Current thread (0x000001c563850bf0):  JavaThread "C2 CompilerThread2" daemon [_thread_in_native, id=22672, stack(0x00000068aae00000,0x00000068aaf00000)]


Current CompileTask:
C2:   2147  589   !   4       jdk.internal.loader.URLClassPath$JarLoader::getResource (65 bytes)

Stack: [0x00000068aae00000,0x00000068aaf00000]
Native frames: (J=compiled Java code, j=interpreted, Vv=VM code, C=native code)
V  [jvm.dll+0x678b0a]
V  [jvm.dll+0x835e84]
V  [jvm.dll+0x83762e]
V  [jvm.dll+0x837c93]
V  [jvm.dll+0x24746f]
V  [jvm.dll+0xac20c]
V  [jvm.dll+0xac7dc]
V  [jvm.dll+0x365ca7]
V  [jvm.dll+0x1bd1f8]
V  [jvm.dll+0x219d49]
V  [jvm.dll+0x219011]
V  [jvm.dll+0x1a534d]
V  [jvm.dll+0x228d8a]
V  [jvm.dll+0x226dcc]
V  [jvm.dll+0x7ec09b]
V  [jvm.dll+0x7e64ca]
V  [jvm.dll+0x677955]
C  [ucrtbase.dll+0x37b0]
C  [KERNEL32.DLL+0x2e8d7]
C  [ntdll.dll+0x8c48c]


---------------  P R O C E S S  ---------------

Threads class SMR info:
_java_thread_list=0x000001c5637dc4d0, length=15, elements={
0x000001c53cc0af10, 0x000001c55b01e5e0, 0x000001c55dfae050, 0x000001c55dfd8c10,
0x000001c55dfd94e0, 0x000001c55dfdb0c0, 0x000001c55dfdb990, 0x000001c55dfdd8a0,
0x000001c55dfe6dc0, 0x000001c55dff17e0, 0x000001c55e25a630, 0x000001c55e28ca40,
0x000001c55e298630, 0x000001c55e8d8120, 0x000001c563850bf0
}

Java Threads: ( => current thread )
  0x000001c53cc0af10 JavaThread "main" [_thread_in_vm, id=23896, stack(0x00000068a9900000,0x00000068a9a00000)]
  0x000001c55b01e5e0 JavaThread "Reference Handler" daemon [_thread_blocked, id=46528, stack(0x00000068aa000000,0x00000068aa100000)]
  0x000001c55dfae050 JavaThread "Finalizer" daemon [_thread_blocked, id=34516, stack(0x00000068aa100000,0x00000068aa200000)]
  0x000001c55dfd8c10 JavaThread "Signal Dispatcher" daemon [_thread_blocked, id=48692, stack(0x00000068aa200000,0x00000068aa300000)]
  0x000001c55dfd94e0 JavaThread "Attach Listener" daemon [_thread_blocked, id=36600, stack(0x00000068aa300000,0x00000068aa400000)]
  0x000001c55dfdb0c0 JavaThread "Service Thread" daemon [_thread_blocked, id=42260, stack(0x00000068aa400000,0x00000068aa500000)]
  0x000001c55dfdb990 JavaThread "Monitor Deflation Thread" daemon [_thread_blocked, id=19332, stack(0x00000068aa500000,0x00000068aa600000)]
  0x000001c55dfdd8a0 JavaThread "C2 CompilerThread0" daemon [_thread_in_native, id=5456, stack(0x00000068aa600000,0x00000068aa700000)]
  0x000001c55dfe6dc0 JavaThread "C1 CompilerThread0" daemon [_thread_blocked, id=13644, stack(0x00000068aa700000,0x00000068aa800000)]
  0x000001c55dff17e0 JavaThread "Sweeper thread" daemon [_thread_blocked, id=22176, stack(0x00000068aa800000,0x00000068aa900000)]
  0x000001c55e25a630 JavaThread "C1 CompilerThread1" daemon [_thread_blocked, id=30172, stack(0x00000068aa900000,0x00000068aaa00000)]
  0x000001c55e28ca40 JavaThread "Notification Thread" daemon [_thread_blocked, id=33860, stack(0x00000068aaa00000,0x00000068aab00000)]
  0x000001c55e298630 JavaThread "Common-Cleaner" daemon [_thread_blocked, id=49332, stack(0x00000068aac00000,0x00000068aad00000)]
  0x000001c55e8d8120 JavaThread "C2 CompilerThread1" daemon [_thread_in_native, id=22228, stack(0x00000068aad00000,0x00000068aae00000)]
=>0x000001c563850bf0 JavaThread "C2 CompilerThread2" daemon [_thread_in_native, id=22672, stack(0x00000068aae00000,0x00000068aaf00000)]

Other Threads:
  0x000001c55df848c0 VMThread "VM Thread" [stack: 0x00000068a9f00000,0x00000068aa000000] [id=29044]
  0x000001c55e28f740 WatcherThread [stack: 0x00000068aab00000,0x00000068aac00000] [id=47624]
  0x000001c53e881a40 GCTaskThread "GC Thread#0" [stack: 0x00000068a9a00000,0x00000068a9b00000] [id=20592]
  0x000001c56486c5d0 GCTaskThread "GC Thread#1" [stack: 0x00000068aaf00000,0x00000068ab000000] [id=27416]
  0x000001c563966610 GCTaskThread "GC Thread#2" [stack: 0x00000068ab000000,0x00000068ab100000] [id=19064]
  0x000001c5639668d0 GCTaskThread "GC Thread#3" [stack: 0x00000068ab100000,0x00000068ab200000] [id=45420]
  0x000001c5636795d0 GCTaskThread "GC Thread#4" [stack: 0x00000068ab200000,0x00000068ab300000] [id=41384]
  0x000001c563679890 GCTaskThread "GC Thread#5" [stack: 0x00000068ab300000,0x00000068ab400000] [id=27712]
  0x000001c53e88dd70 ConcurrentGCThread "G1 Main Marker" [stack: 0x00000068a9b00000,0x00000068a9c00000] [id=21440]
  0x000001c53e88e430 ConcurrentGCThread "G1 Conc#0" [stack: 0x00000068a9c00000,0x00000068a9d00000] [id=23236]
  0x000001c55af35590 ConcurrentGCThread "G1 Refine#0" [stack: 0x00000068a9d00000,0x00000068a9e00000] [id=44252]
  0x000001c55af37df0 ConcurrentGCThread "G1 Service" [stack: 0x00000068a9e00000,0x00000068a9f00000] [id=12576]

Threads with active compile tasks:
C2 CompilerThread0     2196  616       4       java.lang.StringLatin1::replace (198 bytes)
C2 CompilerThread1     2197  588  s!   4       jdk.internal.loader.URLClassPath::getLoader (196 bytes)
C2 CompilerThread2     2197  589   !   4       jdk.internal.loader.URLClassPath$JarLoader::getResource (65 bytes)

VM state: not at safepoint (normal execution)

VM Mutex/Monitor currently owned by a thread: None

Heap address: 0x0000000704600000, size: 4026 MB, Compressed Oops mode: Zero based, Oop shift amount: 3

CDS archive(s) not mapped
Compressed class space mapped at: 0x0000000800000000-0x0000000840000000, reserved size: 1073741824
Narrow klass base: 0x0000000800000000, Narrow klass shift: 0, Narrow klass range: 0x40000000

GC Precious Log:
 CPUs: 16 total, 16 available
 Memory: 16103M
 Large Page Support: Disabled
 NUMA Support: Disabled
 Compressed Oops: Enabled (Zero based)
 Heap Region Size: 2M
 Heap Min Capacity: 8M
 Heap Initial Capacity: 252M
 Heap Max Capacity: 4026M
 Pre-touch: Disabled
 Parallel Workers: 13
 Concurrent Workers: 3
 Concurrent Refinement Workers: 13
 Periodic GC: Disabled

Heap:
 garbage-first heap   total 258048K, used 9736K [0x0000000704600000, 0x0000000800000000)
  region size 2048K, 3 young (6144K), 2 survivors (4096K)
 Metaspace       used 7642K, committed 7744K, reserved 1114112K
  class space    used 638K, committed 704K, reserved 1048576K

Heap Regions: E=young(eden), S=young(survivor), O=old, HS=humongous(starts), HC=humongous(continues), CS=collection set, F=free, OA=open archive, CA=closed archive, TAMS=top-at-mark-start (previous, next)
|   0|0x0000000704600000, 0x0000000704800000, 0x0000000704800000|100%| O|  |TAMS 0x0000000704600000, 0x0000000704600000| Untracked 
|   1|0x0000000704800000, 0x0000000704a00000, 0x0000000704a00000|100%| O|  |TAMS 0x0000000704800000, 0x0000000704800000| Untracked 
|   2|0x0000000704a00000, 0x0000000704b82000, 0x0000000704c00000| 75%| O|  |TAMS 0x0000000704a00000, 0x0000000704a00000| Untracked 
|   3|0x0000000704c00000, 0x0000000704c00000, 0x0000000704e00000|  0%| F|  |TAMS 0x0000000704c00000, 0x0000000704c00000| Untracked 
|   4|0x0000000704e00000, 0x0000000704e00000, 0x0000000705000000|  0%| F|  |TAMS 0x0000000704e00000, 0x0000000704e00000| Untracked 
|   5|0x0000000705000000, 0x0000000705000000, 0x0000000705200000|  0%| F|  |TAMS 0x0000000705000000, 0x0000000705000000| Untracked 
|   6|0x0000000705200000, 0x0000000705200000, 0x0000000705400000|  0%| F|  |TAMS 0x0000000705200000, 0x0000000705200000| Untracked 
|   7|0x0000000705400000, 0x0000000705400000, 0x0000000705600000|  0%| F|  |TAMS 0x0000000705400000, 0x0000000705400000| Untracked 
|   8|0x0000000705600000, 0x0000000705600000, 0x0000000705800000|  0%| F|  |TAMS 0x0000000705600000, 0x0000000705600000| Untracked 
|   9|0x0000000705800000, 0x0000000705800000, 0x0000000705a00000|  0%| F|  |TAMS 0x0000000705800000, 0x0000000705800000| Untracked 
|  10|0x0000000705a00000, 0x0000000705a00000, 0x0000000705c00000|  0%| F|  |TAMS 0x0000000705a00000, 0x0000000705a00000| Untracked 
|  11|0x0000000705c00000, 0x0000000705c00000, 0x0000000705e00000|  0%| F|  |TAMS 0x0000000705c00000, 0x0000000705c00000| Untracked 
|  12|0x0000000705e00000, 0x0000000705e00000, 0x0000000706000000|  0%| F|  |TAMS 0x0000000705e00000, 0x0000000705e00000| Untracked 
|  13|0x0000000706000000, 0x0000000706000000, 0x0000000706200000|  0%| F|  |TAMS 0x0000000706000000, 0x0000000706000000| Untracked 
|  14|0x0000000706200000, 0x0000000706200000, 0x0000000706400000|  0%| F|  |TAMS 0x0000000706200000, 0x0000000706200000| Untracked 
|  15|0x0000000706400000, 0x0000000706400000, 0x0000000706600000|  0%| F|  |TAMS 0x0000000706400000, 0x0000000706400000| Untracked 
|  16|0x0000000706600000, 0x0000000706600000, 0x0000000706800000|  0%| F|  |TAMS 0x0000000706600000, 0x0000000706600000| Untracked 
|  17|0x0000000706800000, 0x0000000706800000, 0x0000000706a00000|  0%| F|  |TAMS 0x0000000706800000, 0x0000000706800000| Untracked 
|  18|0x0000000706a00000, 0x0000000706a00000, 0x0000000706c00000|  0%| F|  |TAMS 0x0000000706a00000, 0x0000000706a00000| Untracked 
|  19|0x0000000706c00000, 0x0000000706c00000, 0x0000000706e00000|  0%| F|  |TAMS 0x0000000706c00000, 0x0000000706c00000| Untracked 
|  20|0x0000000706e00000, 0x0000000706e00000, 0x0000000707000000|  0%| F|  |TAMS 0x0000000706e00000, 0x0000000706e00000| Untracked 
|  21|0x0000000707000000, 0x0000000707000000, 0x0000000707200000|  0%| F|  |TAMS 0x0000000707000000, 0x0000000707000000| Untracked 
|  22|0x0000000707200000, 0x0000000707200000, 0x0000000707400000|  0%| F|  |TAMS 0x0000000707200000, 0x0000000707200000| Untracked 
|  23|0x0000000707400000, 0x0000000707400000, 0x0000000707600000|  0%| F|  |TAMS 0x0000000707400000, 0x0000000707400000| Untracked 
|  24|0x0000000707600000, 0x0000000707600000, 0x0000000707800000|  0%| F|  |TAMS 0x0000000707600000, 0x0000000707600000| Untracked 
|  25|0x0000000707800000, 0x0000000707800000, 0x0000000707a00000|  0%| F|  |TAMS 0x0000000707800000, 0x0000000707800000| Untracked 
|  26|0x0000000707a00000, 0x0000000707a00000, 0x0000000707c00000|  0%| F|  |TAMS 0x0000000707a00000, 0x0000000707a00000| Untracked 
|  27|0x0000000707c00000, 0x0000000707c00000, 0x0000000707e00000|  0%| F|  |TAMS 0x0000000707c00000, 0x0000000707c00000| Untracked 
|  28|0x0000000707e00000, 0x0000000707e00000, 0x0000000708000000|  0%| F|  |TAMS 0x0000000707e00000, 0x0000000707e00000| Untracked 
|  29|0x0000000708000000, 0x0000000708000000, 0x0000000708200000|  0%| F|  |TAMS 0x0000000708000000, 0x0000000708000000| Untracked 
|  30|0x0000000708200000, 0x0000000708200000, 0x0000000708400000|  0%| F|  |TAMS 0x0000000708200000, 0x0000000708200000| Untracked 
|  31|0x0000000708400000, 0x0000000708400000, 0x0000000708600000|  0%| F|  |TAMS 0x0000000708400000, 0x0000000708400000| Untracked 
|  32|0x0000000708600000, 0x0000000708600000, 0x0000000708800000|  0%| F|  |TAMS 0x0000000708600000, 0x0000000708600000| Untracked 
|  33|0x0000000708800000, 0x0000000708800000, 0x0000000708a00000|  0%| F|  |TAMS 0x0000000708800000, 0x0000000708800000| Untracked 
|  34|0x0000000708a00000, 0x0000000708a00000, 0x0000000708c00000|  0%| F|  |TAMS 0x0000000708a00000, 0x0000000708a00000| Untracked 
|  35|0x0000000708c00000, 0x0000000708c00000, 0x0000000708e00000|  0%| F|  |TAMS 0x0000000708c00000, 0x0000000708c00000| Untracked 
|  36|0x0000000708e00000, 0x0000000708e00000, 0x0000000709000000|  0%| F|  |TAMS 0x0000000708e00000, 0x0000000708e00000| Untracked 
|  37|0x0000000709000000, 0x0000000709000000, 0x0000000709200000|  0%| F|  |TAMS 0x0000000709000000, 0x0000000709000000| Untracked 
|  38|0x0000000709200000, 0x0000000709200000, 0x0000000709400000|  0%| F|  |TAMS 0x0000000709200000, 0x0000000709200000| Untracked 
|  39|0x0000000709400000, 0x0000000709400000, 0x0000000709600000|  0%| F|  |TAMS 0x0000000709400000, 0x0000000709400000| Untracked 
|  40|0x0000000709600000, 0x0000000709600000, 0x0000000709800000|  0%| F|  |TAMS 0x0000000709600000, 0x0000000709600000| Untracked 
|  41|0x0000000709800000, 0x0000000709800000, 0x0000000709a00000|  0%| F|  |TAMS 0x0000000709800000, 0x0000000709800000| Untracked 
|  42|0x0000000709a00000, 0x0000000709a00000, 0x0000000709c00000|  0%| F|  |TAMS 0x0000000709a00000, 0x0000000709a00000| Untracked 
|  43|0x0000000709c00000, 0x0000000709c00000, 0x0000000709e00000|  0%| F|  |TAMS 0x0000000709c00000, 0x0000000709c00000| Untracked 
|  44|0x0000000709e00000, 0x0000000709e00000, 0x000000070a000000|  0%| F|  |TAMS 0x0000000709e00000, 0x0000000709e00000| Untracked 
|  45|0x000000070a000000, 0x000000070a000000, 0x000000070a200000|  0%| F|  |TAMS 0x000000070a000000, 0x000000070a000000| Untracked 
|  46|0x000000070a200000, 0x000000070a200000, 0x000000070a400000|  0%| F|  |TAMS 0x000000070a200000, 0x000000070a200000| Untracked 
|  47|0x000000070a400000, 0x000000070a400000, 0x000000070a600000|  0%| F|  |TAMS 0x000000070a400000, 0x000000070a400000| Untracked 
|  48|0x000000070a600000, 0x000000070a600000, 0x000000070a800000|  0%| F|  |TAMS 0x000000070a600000, 0x000000070a600000| Untracked 
|  49|0x000000070a800000, 0x000000070a800000, 0x000000070aa00000|  0%| F|  |TAMS 0x000000070a800000, 0x000000070a800000| Untracked 
|  50|0x000000070aa00000, 0x000000070aa00000, 0x000000070ac00000|  0%| F|  |TAMS 0x000000070aa00000, 0x000000070aa00000| Untracked 
|  51|0x000000070ac00000, 0x000000070ac00000, 0x000000070ae00000|  0%| F|  |TAMS 0x000000070ac00000, 0x000000070ac00000| Untracked 
|  52|0x000000070ae00000, 0x000000070ae00000, 0x000000070b000000|  0%| F|  |TAMS 0x000000070ae00000, 0x000000070ae00000| Untracked 
|  53|0x000000070b000000, 0x000000070b000000, 0x000000070b200000|  0%| F|  |TAMS 0x000000070b000000, 0x000000070b000000| Untracked 
|  54|0x000000070b200000, 0x000000070b200000, 0x000000070b400000|  0%| F|  |TAMS 0x000000070b200000, 0x000000070b200000| Untracked 
|  55|0x000000070b400000, 0x000000070b400000, 0x000000070b600000|  0%| F|  |TAMS 0x000000070b400000, 0x000000070b400000| Untracked 
|  56|0x000000070b600000, 0x000000070b600000, 0x000000070b800000|  0%| F|  |TAMS 0x000000070b600000, 0x000000070b600000| Untracked 
|  57|0x000000070b800000, 0x000000070b800000, 0x000000070ba00000|  0%| F|  |TAMS 0x000000070b800000, 0x000000070b800000| Untracked 
|  58|0x000000070ba00000, 0x000000070ba00000, 0x000000070bc00000|  0%| F|  |TAMS 0x000000070ba00000, 0x000000070ba00000| Untracked 
|  59|0x000000070bc00000, 0x000000070bc00000, 0x000000070be00000|  0%| F|  |TAMS 0x000000070bc00000, 0x000000070bc00000| Untracked 
|  60|0x000000070be00000, 0x000000070be00000, 0x000000070c000000|  0%| F|  |TAMS 0x000000070be00000, 0x000000070be00000| Untracked 
|  61|0x000000070c000000, 0x000000070c000000, 0x000000070c200000|  0%| F|  |TAMS 0x000000070c000000, 0x000000070c000000| Untracked 
|  62|0x000000070c200000, 0x000000070c200000, 0x000000070c400000|  0%| F|  |TAMS 0x000000070c200000, 0x000000070c200000| Untracked 
|  63|0x000000070c400000, 0x000000070c400000, 0x000000070c600000|  0%| F|  |TAMS 0x000000070c400000, 0x000000070c400000| Untracked 
|  64|0x000000070c600000, 0x000000070c600000, 0x000000070c800000|  0%| F|  |TAMS 0x000000070c600000, 0x000000070c600000| Untracked 
|  65|0x000000070c800000, 0x000000070c800000, 0x000000070ca00000|  0%| F|  |TAMS 0x000000070c800000, 0x000000070c800000| Untracked 
|  66|0x000000070ca00000, 0x000000070ca00000, 0x000000070cc00000|  0%| F|  |TAMS 0x000000070ca00000, 0x000000070ca00000| Untracked 
|  67|0x000000070cc00000, 0x000000070cc00000, 0x000000070ce00000|  0%| F|  |TAMS 0x000000070cc00000, 0x000000070cc00000| Untracked 
|  68|0x000000070ce00000, 0x000000070ce00000, 0x000000070d000000|  0%| F|  |TAMS 0x000000070ce00000, 0x000000070ce00000| Untracked 
|  69|0x000000070d000000, 0x000000070d000000, 0x000000070d200000|  0%| F|  |TAMS 0x000000070d000000, 0x000000070d000000| Untracked 
|  70|0x000000070d200000, 0x000000070d200000, 0x000000070d400000|  0%| F|  |TAMS 0x000000070d200000, 0x000000070d200000| Untracked 
|  71|0x000000070d400000, 0x000000070d400000, 0x000000070d600000|  0%| F|  |TAMS 0x000000070d400000, 0x000000070d400000| Untracked 
|  72|0x000000070d600000, 0x000000070d600000, 0x000000070d800000|  0%| F|  |TAMS 0x000000070d600000, 0x000000070d600000| Untracked 
|  73|0x000000070d800000, 0x000000070d800000, 0x000000070da00000|  0%| F|  |TAMS 0x000000070d800000, 0x000000070d800000| Untracked 
|  74|0x000000070da00000, 0x000000070da00000, 0x000000070dc00000|  0%| F|  |TAMS 0x000000070da00000, 0x000000070da00000| Untracked 
|  75|0x000000070dc00000, 0x000000070dc00000, 0x000000070de00000|  0%| F|  |TAMS 0x000000070dc00000, 0x000000070dc00000| Untracked 
|  76|0x000000070de00000, 0x000000070de00000, 0x000000070e000000|  0%| F|  |TAMS 0x000000070de00000, 0x000000070de00000| Untracked 
|  77|0x000000070e000000, 0x000000070e000000, 0x000000070e200000|  0%| F|  |TAMS 0x000000070e000000, 0x000000070e000000| Untracked 
|  78|0x000000070e200000, 0x000000070e200000, 0x000000070e400000|  0%| F|  |TAMS 0x000000070e200000, 0x000000070e200000| Untracked 
|  79|0x000000070e400000, 0x000000070e400000, 0x000000070e600000|  0%| F|  |TAMS 0x000000070e400000, 0x000000070e400000| Untracked 
|  80|0x000000070e600000, 0x000000070e600000, 0x000000070e800000|  0%| F|  |TAMS 0x000000070e600000, 0x000000070e600000| Untracked 
|  81|0x000000070e800000, 0x000000070e800000, 0x000000070ea00000|  0%| F|  |TAMS 0x000000070e800000, 0x000000070e800000| Untracked 
|  82|0x000000070ea00000, 0x000000070ea00000, 0x000000070ec00000|  0%| F|  |TAMS 0x000000070ea00000, 0x000000070ea00000| Untracked 
|  83|0x000000070ec00000, 0x000000070ec00000, 0x000000070ee00000|  0%| F|  |TAMS 0x000000070ec00000, 0x000000070ec00000| Untracked 
|  84|0x000000070ee00000, 0x000000070ee00000, 0x000000070f000000|  0%| F|  |TAMS 0x000000070ee00000, 0x000000070ee00000| Untracked 
|  85|0x000000070f000000, 0x000000070f000000, 0x000000070f200000|  0%| F|  |TAMS 0x000000070f000000, 0x000000070f000000| Untracked 
|  86|0x000000070f200000, 0x000000070f200000, 0x000000070f400000|  0%| F|  |TAMS 0x000000070f200000, 0x000000070f200000| Untracked 
|  87|0x000000070f400000, 0x000000070f400000, 0x000000070f600000|  0%| F|  |TAMS 0x000000070f400000, 0x000000070f400000| Untracked 
|  88|0x000000070f600000, 0x000000070f600000, 0x000000070f800000|  0%| F|  |TAMS 0x000000070f600000, 0x000000070f600000| Untracked 
|  89|0x000000070f800000, 0x000000070f800000, 0x000000070fa00000|  0%| F|  |TAMS 0x000000070f800000, 0x000000070f800000| Untracked 
|  90|0x000000070fa00000, 0x000000070fa00000, 0x000000070fc00000|  0%| F|  |TAMS 0x000000070fa00000, 0x000000070fa00000| Untracked 
|  91|0x000000070fc00000, 0x000000070fc00000, 0x000000070fe00000|  0%| F|  |TAMS 0x000000070fc00000, 0x000000070fc00000| Untracked 
|  92|0x000000070fe00000, 0x000000070fe00000, 0x0000000710000000|  0%| F|  |TAMS 0x000000070fe00000, 0x000000070fe00000| Untracked 
|  93|0x0000000710000000, 0x0000000710000000, 0x0000000710200000|  0%| F|  |TAMS 0x0000000710000000, 0x0000000710000000| Untracked 
|  94|0x0000000710200000, 0x0000000710200000, 0x0000000710400000|  0%| F|  |TAMS 0x0000000710200000, 0x0000000710200000| Untracked 
|  95|0x0000000710400000, 0x0000000710400000, 0x0000000710600000|  0%| F|  |TAMS 0x0000000710400000, 0x0000000710400000| Untracked 
|  96|0x0000000710600000, 0x0000000710600000, 0x0000000710800000|  0%| F|  |TAMS 0x0000000710600000, 0x0000000710600000| Untracked 
|  97|0x0000000710800000, 0x0000000710800000, 0x0000000710a00000|  0%| F|  |TAMS 0x0000000710800000, 0x0000000710800000| Untracked 
|  98|0x0000000710a00000, 0x0000000710a00000, 0x0000000710c00000|  0%| F|  |TAMS 0x0000000710a00000, 0x0000000710a00000| Untracked 
|  99|0x0000000710c00000, 0x0000000710c00000, 0x0000000710e00000|  0%| F|  |TAMS 0x0000000710c00000, 0x0000000710c00000| Untracked 
| 100|0x0000000710e00000, 0x0000000710e00000, 0x0000000711000000|  0%| F|  |TAMS 0x0000000710e00000, 0x0000000710e00000| Untracked 
| 101|0x0000000711000000, 0x0000000711000000, 0x0000000711200000|  0%| F|  |TAMS 0x0000000711000000, 0x0000000711000000| Untracked 
| 102|0x0000000711200000, 0x0000000711200000, 0x0000000711400000|  0%| F|  |TAMS 0x0000000711200000, 0x0000000711200000| Untracked 
| 103|0x0000000711400000, 0x0000000711400000, 0x0000000711600000|  0%| F|  |TAMS 0x0000000711400000, 0x0000000711400000| Untracked 
| 104|0x0000000711600000, 0x0000000711600000, 0x0000000711800000|  0%| F|  |TAMS 0x0000000711600000, 0x0000000711600000| Untracked 
| 105|0x0000000711800000, 0x0000000711800000, 0x0000000711a00000|  0%| F|  |TAMS 0x0000000711800000, 0x0000000711800000| Untracked 
| 106|0x0000000711a00000, 0x0000000711a00000, 0x0000000711c00000|  0%| F|  |TAMS 0x0000000711a00000, 0x0000000711a00000| Untracked 
| 107|0x0000000711c00000, 0x0000000711c00000, 0x0000000711e00000|  0%| F|  |TAMS 0x0000000711c00000, 0x0000000711c00000| Untracked 
| 108|0x0000000711e00000, 0x0000000711e00000, 0x0000000712000000|  0%| F|  |TAMS 0x0000000711e00000, 0x0000000711e00000| Untracked 
| 109|0x0000000712000000, 0x0000000712000000, 0x0000000712200000|  0%| F|  |TAMS 0x0000000712000000, 0x0000000712000000| Untracked 
| 110|0x0000000712200000, 0x0000000712200000, 0x0000000712400000|  0%| F|  |TAMS 0x0000000712200000, 0x0000000712200000| Untracked 
| 111|0x0000000712400000, 0x0000000712400000, 0x0000000712600000|  0%| F|  |TAMS 0x0000000712400000, 0x0000000712400000| Untracked 
| 112|0x0000000712600000, 0x0000000712600000, 0x0000000712800000|  0%| F|  |TAMS 0x0000000712600000, 0x0000000712600000| Untracked 
| 113|0x0000000712800000, 0x0000000712a00000, 0x0000000712a00000|100%| S|CS|TAMS 0x0000000712800000, 0x0000000712800000| Complete 
| 114|0x0000000712a00000, 0x0000000712c00000, 0x0000000712c00000|100%| S|CS|TAMS 0x0000000712a00000, 0x0000000712a00000| Complete 
| 115|0x0000000712c00000, 0x0000000712c00000, 0x0000000712e00000|  0%| F|  |TAMS 0x0000000712c00000, 0x0000000712c00000| Untracked 
| 116|0x0000000712e00000, 0x0000000712e00000, 0x0000000713000000|  0%| F|  |TAMS 0x0000000712e00000, 0x0000000712e00000| Untracked 
| 117|0x0000000713000000, 0x0000000713000000, 0x0000000713200000|  0%| F|  |TAMS 0x0000000713000000, 0x0000000713000000| Untracked 
| 118|0x0000000713200000, 0x0000000713200000, 0x0000000713400000|  0%| F|  |TAMS 0x0000000713200000, 0x0000000713200000| Untracked 
| 119|0x0000000713400000, 0x0000000713400000, 0x0000000713600000|  0%| F|  |TAMS 0x0000000713400000, 0x0000000713400000| Untracked 
| 120|0x0000000713600000, 0x0000000713600000, 0x0000000713800000|  0%| F|  |TAMS 0x0000000713600000, 0x0000000713600000| Untracked 
| 121|0x0000000713800000, 0x0000000713800000, 0x0000000713a00000|  0%| F|  |TAMS 0x0000000713800000, 0x0000000713800000| Untracked 
| 122|0x0000000713a00000, 0x0000000713a00000, 0x0000000713c00000|  0%| F|  |TAMS 0x0000000713a00000, 0x0000000713a00000| Untracked 
| 123|0x0000000713c00000, 0x0000000713c00000, 0x0000000713e00000|  0%| F|  |TAMS 0x0000000713c00000, 0x0000000713c00000| Untracked 
| 124|0x0000000713e00000, 0x0000000713e00000, 0x0000000714000000|  0%| F|  |TAMS 0x0000000713e00000, 0x0000000713e00000| Untracked 
| 125|0x0000000714000000, 0x000000071405c1a8, 0x0000000714200000| 17%| E|  |TAMS 0x0000000714000000, 0x0000000714000000| Complete 

Card table byte_map: [0x000001c552080000,0x000001c552860000] _byte_map_base: 0x000001c54e85d000

Marking Bits (Prev, Next): (CMBitMap*) 0x000001c55ae618a0, (CMBitMap*) 0x000001c55ae618e0
 Prev Bits: [0x000001c553040000, 0x000001c556f28000)
 Next Bits: [0x000001c556f30000, 0x000001c55ae18000)

Polling page: 0x000001c53e650000

Metaspace:

Usage:
  Non-class:      6.84 MB used.
      Class:    638.05 KB used.
       Both:      7.46 MB used.

Virtual space:
  Non-class space:       64.00 MB reserved,       6.88 MB ( 11%) committed,  1 nodes.
      Class space:        1.00 GB reserved,     704.00 KB ( <1%) committed,  1 nodes.
             Both:        1.06 GB reserved,       7.56 MB ( <1%) committed. 

Chunk freelists:
   Non-Class:  8.27 MB
       Class:  15.17 MB
        Both:  23.44 MB

MaxMetaspaceSize: unlimited
CompressedClassSpaceSize: 1.00 GB
Initial GC threshold: 21.00 MB
Current GC threshold: 21.00 MB
CDS: off
MetaspaceReclaimPolicy: balanced
 - commit_granule_bytes: 65536.
 - commit_granule_words: 8192.
 - virtual_space_node_default_size: 8388608.
 - enlarge_chunks_in_place: 1.
 - new_chunks_are_fully_committed: 0.
 - uncommit_free_chunks: 1.
 - use_allocation_guard: 0.
 - handle_deallocations: 1.


Internal statistics:

num_allocs_failed_limit: 0.
num_arena_births: 10.
num_arena_deaths: 0.
num_vsnodes_births: 2.
num_vsnodes_deaths: 0.
num_space_committed: 121.
num_space_uncommitted: 0.
num_chunks_returned_to_freelist: 0.
num_chunks_taken_from_freelist: 93.
num_chunk_merges: 0.
num_chunk_splits: 67.
num_chunks_enlarged: 60.
num_inconsistent_stats: 0.

CodeHeap 'non-profiled nmethods': size=119168Kb used=239Kb max_used=239Kb free=118928Kb
 bounds [0x000001c549480000, 0x000001c5496f0000, 0x000001c5508e0000]
CodeHeap 'profiled nmethods': size=119104Kb used=1181Kb max_used=1181Kb free=117922Kb
 bounds [0x000001c5418e0000, 0x000001c541b50000, 0x000001c548d30000]
CodeHeap 'non-nmethods': size=7488Kb used=1693Kb max_used=1727Kb free=5794Kb
 bounds [0x000001c548d30000, 0x000001c548fa0000, 0x000001c549480000]
 total_blobs=1034 nmethods=636 adapters=310
 compilation: enabled
              stopped_count=0, restarted_count=0
 full_count=0

Compilation events (20 events):
Event: 2.100 Thread 0x000001c55e25a630  621       1       java.util.HashMap$Node::getKey (5 bytes)
Event: 2.100 Thread 0x000001c55e25a630 nmethod 621 0x000001c5494b1b10 code [0x000001c5494b1ca0, 0x000001c5494b1d78]
Event: 2.100 Thread 0x000001c55e25a630  623       3       java.util.LinkedHashMap::newNode (23 bytes)
Event: 2.101 Thread 0x000001c55e25a630 nmethod 623 0x000001c541a01090 code [0x000001c541a01260, 0x000001c541a01688]
Event: 2.101 Thread 0x000001c55e25a630  624       3       java.util.LinkedHashMap$Entry::<init> (10 bytes)
Event: 2.101 Thread 0x000001c55e25a630 nmethod 624 0x000001c541a01810 code [0x000001c541a019c0, 0x000001c541a01cb8]
Event: 2.101 Thread 0x000001c55e25a630  622       1       java.util.HashMap$Node::getValue (5 bytes)
Event: 2.101 Thread 0x000001c55e25a630 nmethod 622 0x000001c5494b1e10 code [0x000001c5494b1fa0, 0x000001c5494b2078]
Event: 2.101 Thread 0x000001c55dfe6dc0  625       3       java.util.LinkedHashMap::linkNodeLast (33 bytes)
Event: 2.101 Thread 0x000001c55e25a630  626       3       java.util.LinkedHashMap::afterNodeInsertion (40 bytes)
Event: 2.103 Thread 0x000001c55dfe6dc0 nmethod 625 0x000001c541a01d90 code [0x000001c541a01f40, 0x000001c541a02278]
Event: 2.103 Thread 0x000001c55e25a630 nmethod 626 0x000001c541a02390 code [0x000001c541a02540, 0x000001c541a02738]
Event: 2.107 Thread 0x000001c55e25a630  628       3       jdk.internal.org.objectweb.asm.ByteVector::put12 (64 bytes)
Event: 2.108 Thread 0x000001c55e25a630 nmethod 628 0x000001c541a02810 code [0x000001c541a029c0, 0x000001c541a02c08]
Event: 2.108 Thread 0x000001c55e25a630  629       3       java.lang.Object::equals (11 bytes)
Event: 2.108 Thread 0x000001c55e25a630 nmethod 629 0x000001c541a02d90 code [0x000001c541a02f20, 0x000001c541a03098]
Event: 2.109 Thread 0x000001c55e25a630  633   !   3       java.lang.invoke.MemberName::getMethodType (211 bytes)
Event: 2.110 Thread 0x000001c55e25a630 nmethod 633 0x000001c541a03110 code [0x000001c541a03400, 0x000001c541a04a18]
Event: 2.131 Thread 0x000001c55dfe6dc0  635       3       java.lang.System$2::findBootstrapClassOrNull (5 bytes)
Event: 2.131 Thread 0x000001c55dfe6dc0 nmethod 635 0x000001c541a05010 code [0x000001c541a051c0, 0x000001c541a053d8]

GC Heap History (1 events):
Event: 2.134 GC heap before
{Heap before GC invocations=0 (full 0):
 garbage-first heap   total 258048K, used 20480K [0x0000000704600000, 0x0000000800000000)
  region size 2048K, 11 young (22528K), 0 survivors (0K)
 Metaspace       used 7620K, committed 7744K, reserved 1114112K
  class space    used 636K, committed 704K, reserved 1048576K
}

Dll operation events (4 events):
Event: 0.022 Loaded shared library C:\Program Files\Processing\runtime\bin\java.dll
Event: 0.964 Loaded shared library C:\Program Files\Processing\runtime\bin\net.dll
Event: 0.974 Loaded shared library C:\Program Files\Processing\runtime\bin\nio.dll
Event: 0.998 Loaded shared library C:\Program Files\Processing\runtime\bin\zip.dll

Deoptimization events (20 events):
Event: 0.883 Thread 0x000001c53cc0af10 DEOPT PACKING pc=0x000001c5418e5951 sp=0x00000068a99fe410
Event: 0.883 Thread 0x000001c53cc0af10 DEOPT UNPACKING pc=0x000001c548d8ace3 sp=0x00000068a99fd888 mode 0
Event: 0.925 Thread 0x000001c53cc0af10 Uncommon trap: trap_request=0xffffff45 fr.pc=0x000001c549480ff8 relative=0x0000000000000078
Event: 0.925 Thread 0x000001c53cc0af10 Uncommon trap: reason=unstable_if action=reinterpret pc=0x000001c549480ff8 method=java.lang.String.isLatin1()Z @ 10 c2
Event: 0.925 Thread 0x000001c53cc0af10 DEOPT PACKING pc=0x000001c549480ff8 sp=0x00000068a99ff240
Event: 0.925 Thread 0x000001c53cc0af10 DEOPT UNPACKING pc=0x000001c548d8a1a3 sp=0x00000068a99ff180 mode 2
Event: 0.931 Thread 0x000001c53cc0af10 Uncommon trap: trap_request=0xffffff45 fr.pc=0x000001c549482784 relative=0x0000000000000184
Event: 0.931 Thread 0x000001c53cc0af10 Uncommon trap: reason=unstable_if action=reinterpret pc=0x000001c549482784 method=java.lang.StringLatin1.indexOfChar([BIII)I @ 19 c2
Event: 0.932 Thread 0x000001c53cc0af10 DEOPT PACKING pc=0x000001c549482784 sp=0x00000068a99fe050
Event: 0.932 Thread 0x000001c53cc0af10 DEOPT UNPACKING pc=0x000001c548d8a1a3 sp=0x00000068a99fdfc8 mode 2
Event: 1.015 Thread 0x000001c53cc0af10 DEOPT PACKING pc=0x000001c54191f351 sp=0x00000068a99fda40
Event: 1.015 Thread 0x000001c53cc0af10 DEOPT UNPACKING pc=0x000001c548d8ace3 sp=0x00000068a99fceb8 mode 0
Event: 1.048 Thread 0x000001c53cc0af10 DEOPT PACKING pc=0x000001c54191f351 sp=0x00000068a99fd8e0
Event: 1.048 Thread 0x000001c53cc0af10 DEOPT UNPACKING pc=0x000001c548d8ace3 sp=0x00000068a99fcd58 mode 0
Event: 1.323 Thread 0x000001c53cc0af10 DEOPT PACKING pc=0x000001c541968455 sp=0x00000068a99fcb60
Event: 1.323 Thread 0x000001c53cc0af10 DEOPT UNPACKING pc=0x000001c548d8ace3 sp=0x00000068a99fbfd0 mode 0
Event: 1.347 Thread 0x000001c53cc0af10 DEOPT PACKING pc=0x000001c541968434 sp=0x00000068a99fcb60
Event: 1.347 Thread 0x000001c53cc0af10 DEOPT UNPACKING pc=0x000001c548d8ace3 sp=0x00000068a99fbfd0 mode 0
Event: 1.348 Thread 0x000001c53cc0af10 DEOPT PACKING pc=0x000001c541968434 sp=0x00000068a99fcb60
Event: 1.348 Thread 0x000001c53cc0af10 DEOPT UNPACKING pc=0x000001c548d8ace3 sp=0x00000068a99fbfd0 mode 0

Classes unloaded (0 events):
No events

Classes redefined (0 events):
No events

Internal exceptions (1 events):
Event: 1.900 Thread 0x000001c53cc0af10 Exception <a 'java/lang/NoSuchMethodError'{0x00000007131e3d98}: 'java.lang.Object java.lang.invoke.DirectMethodHandle$Holder.invokeStatic(java.lang.Object, int, java.lang.Object)'> (0x00000007131e3d98) 
thrown [s\src\hotspot\share\interpreter\linkResolver.cpp, line 759]

VM Operations (5 events):
Event: 1.003 Executing VM operation: HandshakeAllThreads
Event: 1.004 Executing VM operation: HandshakeAllThreads done
Event: 2.033 Executing VM operation: Cleanup
Event: 2.044 Executing VM operation: Cleanup done
Event: 2.134 Executing VM operation: G1CollectForAllocation

Events (20 events):
Event: 2.011 loading class java/util/regex/Matcher
Event: 2.015 loading class java/util/regex/MatchResult
Event: 2.015 loading class java/util/regex/MatchResult done
Event: 2.015 loading class java/util/regex/Matcher done
Event: 2.015 loading class java/util/regex/IntHashSet
Event: 2.015 loading class java/util/regex/IntHashSet done
Event: 2.078 loading class java/util/Collections$SingletonSet
Event: 2.078 loading class java/util/Collections$SingletonSet done
Event: 2.079 loading class java/util/Collections$1
Event: 2.080 loading class java/util/Collections$1 done
Event: 2.099 loading class java/util/HashMap$Values
Event: 2.099 loading class java/util/HashMap$Values done
Event: 2.099 loading class java/util/HashMap$ValueIterator
Event: 2.100 loading class java/util/HashMap$ValueIterator done
Event: 2.100 loading class java/util/LinkedHashMap$LinkedEntrySet
Event: 2.100 loading class java/util/LinkedHashMap$LinkedEntrySet done
Event: 2.100 loading class java/util/LinkedHashMap$LinkedEntryIterator
Event: 2.100 loading class java/util/LinkedHashMap$LinkedEntryIterator done
Event: 2.101 loading class java/util/Collections$SingletonList
Event: 2.102 loading class java/util/Collections$SingletonList done


Dynamic libraries:
0x00007ff6a69f0000 - 0x00007ff6a6a68000 	C:\Program Files\Processing\Processing.exe
0x00007ffe00fa0000 - 0x00007ffe01207000 	C:\WINDOWS\SYSTEM32\ntdll.dll
0x00007ffe000f0000 - 0x00007ffe001b9000 	C:\WINDOWS\System32\KERNEL32.DLL
0x00007ffdfd880000 - 0x00007ffdfdc71000 	C:\WINDOWS\System32\KERNELBASE.dll
0x00007ffdfff20000 - 0x00007ffe000e5000 	C:\WINDOWS\System32\USER32.dll
0x00007ffdfdc80000 - 0x00007ffdfdca7000 	C:\WINDOWS\System32\win32u.dll
0x00007ffdfefe0000 - 0x00007ffdff00b000 	C:\WINDOWS\System32\GDI32.dll
0x00007ffdfec10000 - 0x00007ffdfed3b000 	C:\WINDOWS\System32\gdi32full.dll
0x00007ffdfdcb0000 - 0x00007ffdfdd53000 	C:\WINDOWS\System32\msvcp_win.dll
0x00007ffdfe0e0000 - 0x00007ffdfe22b000 	C:\WINDOWS\System32\ucrtbase.dll
0x00007ffdff7b0000 - 0x00007ffdfff0f000 	C:\WINDOWS\System32\SHELL32.dll
0x00007ffdfeaa0000 - 0x00007ffdfec0a000 	C:\WINDOWS\System32\wintypes.dll
0x00007ffdff2a0000 - 0x00007ffdff622000 	C:\WINDOWS\System32\combase.dll
0x00007ffe001c0000 - 0x00007ffe002d8000 	C:\WINDOWS\System32\RPCRT4.dll
0x00007ffdff260000 - 0x00007ffdff291000 	C:\WINDOWS\System32\IMM32.DLL
0x000001c53e570000 - 0x000001c53e586000 	C:\WINDOWS\System32\umppc20505.dll
0x000001c53e5b0000 - 0x000001c53e5c4000 	C:\WINDOWS\System32\CsXumd64_20505.dll
0x00007ffe00340000 - 0x00007ffe00437000 	C:\WINDOWS\System32\shcore.dll
0x00007ffdddd80000 - 0x00007ffdddd97000 	C:\Program Files\Processing\runtime\bin\jli.dll
0x00007ffdfcc00000 - 0x00007ffdfce93000 	C:\WINDOWS\WinSxS\amd64_microsoft.windows.common-controls_6595b64144ccf1df_6.0.26100.8037_none_3e092faae333b53b\COMCTL32.dll
0x00007ffdfef20000 - 0x00007ffdfefc9000 	C:\WINDOWS\System32\msvcrt.dll
0x00007ffddb900000 - 0x00007ffddb919000 	C:\Program Files\Processing\runtime\bin\VCRUNTIME140.dll
0x00007ffdf7cf0000 - 0x00007ffdf7cfc000 	C:\Program Files\Processing\runtime\bin\vcruntime140_1.dll
0x00007ffdca470000 - 0x00007ffdca501000 	C:\Program Files\Processing\runtime\bin\msvcp140.dll
0x00007ffd372b0000 - 0x00007ffd37efc000 	C:\Program Files\Processing\runtime\bin\server\jvm.dll
0x00007ffdff1a0000 - 0x00007ffdff25b000 	C:\WINDOWS\System32\ADVAPI32.dll
0x00007ffe00a30000 - 0x00007ffe00ad7000 	C:\WINDOWS\System32\sechost.dll
0x00007ffdfd6e0000 - 0x00007ffdfd73e000 	C:\WINDOWS\SYSTEM32\POWRPROF.dll
0x00007ffdd9730000 - 0x00007ffdd973a000 	C:\WINDOWS\SYSTEM32\WSOCK32.dll
0x00007ffdfed40000 - 0x00007ffdfedb4000 	C:\WINDOWS\System32\WS2_32.dll
0x00007ffdf9e80000 - 0x00007ffdf9eb5000 	C:\WINDOWS\SYSTEM32\WINMM.dll
0x00007ffdf5960000 - 0x00007ffdf596b000 	C:\WINDOWS\SYSTEM32\VERSION.dll
0x00007ffdfd6c0000 - 0x00007ffdfd6d4000 	C:\WINDOWS\SYSTEM32\UMPDC.dll
0x00007ffdfbce0000 - 0x00007ffdfbcfb000 	C:\WINDOWS\SYSTEM32\kernel.appcore.dll
0x00007ffdf7bf0000 - 0x00007ffdf7bfa000 	C:\Program Files\Processing\runtime\bin\jimage.dll
0x00007ffdfd030000 - 0x00007ffdfd272000 	C:\WINDOWS\SYSTEM32\DBGHELP.DLL
0x00007ffdff040000 - 0x00007ffdff117000 	C:\WINDOWS\System32\OLEAUT32.dll
0x00007ffdfcea0000 - 0x00007ffdfcedb000 	C:\WINDOWS\SYSTEM32\dbgcore.DLL
0x00007ffdfdf70000 - 0x00007ffdfe015000 	C:\WINDOWS\System32\bcryptPrimitives.dll
0x00007ffdd85c0000 - 0x00007ffdd85e5000 	C:\Program Files\Processing\runtime\bin\java.dll
0x00007ffdfe230000 - 0x00007ffdfea94000 	C:\WINDOWS\System32\windows.storage.dll
0x00007ffe00920000 - 0x00007ffe00987000 	C:\WINDOWS\System32\shlwapi.dll
0x00007ffdfd7a0000 - 0x00007ffdfd7c9000 	C:\WINDOWS\SYSTEM32\profapi.dll
0x00007ffdd8660000 - 0x00007ffdd8679000 	C:\Program Files\Processing\runtime\bin\net.dll
0x00007ffdf5d70000 - 0x00007ffdf5e97000 	C:\WINDOWS\SYSTEM32\WINHTTP.dll
0x00007ffdfc210000 - 0x00007ffdfc27b000 	C:\WINDOWS\system32\mswsock.dll
0x00007ffdd85a0000 - 0x00007ffdd85b5000 	C:\Program Files\Processing\runtime\bin\nio.dll
0x00007ffdd2760000 - 0x00007ffdd2778000 	C:\Program Files\Processing\runtime\bin\zip.dll

dbghelp: loaded successfully - version: 4.0.5 - missing functions: none
symbol engine: initialized successfully - sym options: 0x614 - pdb path: .;C:\Program Files\Processing;C:\WINDOWS\SYSTEM32;C:\Program Files\Processing\runtime\bin;C:\WINDOWS\WinSxS\amd64_microsoft.windows.common-controls_6595b64144ccf1df_6.0.26100.8037_none_3e092faae333b53b;C:\Program Files\Processing\runtime\bin\server

VM Arguments:
jvm_args: -Djpackage.app-version=4.4.7 -Dcompose.application.resources.dir=C:\Program Files\Processing\app\resources -Dcompose.application.configure.swing.globals=true -Dprocessing.version=4.4.7 -Dprocessing.revision=1307 -Dprocessing.contributions.source=https://contributions.processing.org/contribs -Dprocessing.download.page=https://processing.org/download/ -Dprocessing.download.latest=https://processing.org/download/latest.txt -Dprocessing.tutorials=https://processing.org/tutorials/ -Dsun.java2d.metal=true -Dawt.useSystemAAFontSettings=on -Dskiko.library.path=C:\Program Files\Processing\app -Djpackage.app-path=C:\Program Files\Processing\Processing.exe 
java_command: processing.app.ProcessingKt lsp
java_class_path (initial): C:\Program Files\Processing\app\app-4.4.7-e96fb85d9b87e2a6836e2468a15ca60.jar;C:\Program Files\Processing\app\animation-core-desktop-1.7.1-87bb47dcf611207d17ac1fabc2155e1.jar;C:\Program Files\Processing\app\animation-desktop-1.7.1-405fd87261449d20aacb4543f98b26b.jar;C:\Program Files\Processing\app\annotation-jvm-1.8.0-3c74b73c0c75521f67964f11b28dec9.jar;C:\Program Files\Processing\app\annotations-23.0.0-8484cd17d040d837983323f760b2c660.jar;C:\Program Files\Processing\app\ant-1.10.14-263e0d844d0e4efa54440ec5ed6362a.jar;C:\Program Files\Processing\app\ant-launcher-1.10.14-e6c71b2f05383e1fb891e99f5267663.jar;C:\Program Files\Processing\app\antlr-2.7.7-f8f1352c52a4c6a50b59759651fc64.jar;C:\Program Files\Processing\app\antlr-runtime-3.5.2-1fbbae2cb72530207c20b797bdabd029.jar;C:\Program Files\Processing\app\antlr4-4.7.2-fb6d825b259de868e7f38bf1b8fa0b9.jar;C:\Program Files\Processing\app\antlr4-runtime-4.7.2-2592a7a5d732ad5f6677bf41f77a11.jar;C:\Program Files\Processing\app\atomicfu-jvm-0.23.2-5e4f88ed1c37222d791f5dcadf481498.jar;C:\Program Files\Processing\app\classpath-explorer-1.0-caab34e762a7f05d30ac7d40af90b3ef.jar;C:\Program Files\Processing\app\clikt-jvm-56324132fdbcd27f903c16d7bcfa4b8.jar;C:\Program Files\Processing\app\clikt-mordant-jvm-3c28e5f442b1e2978ce8fbd2f56e541.jar;C:\Program Files\Processing\app\collection-jvm-1.4.0-3f0597ec99a52ecdbf6f3962c5dc77a.jar;C:\Program Files\Processing\app\colormath-jvm-6a279b2713acb5c7ffb5e683bf2841.jar;C:\Program Files\Processing\app\compottie-desktop-2.0.0-rc02-5f1edfd67e18f4319b4c781c2b3d1e4.jar;C:\Program Files\Processing\app\core-4.4.7-b3ecf8494d828528c05573c1edbb881.jar;C:\Program Files\Processing\app\core-common-2.2.0-2212d240dfe1e8a7598ee117ccc316d.jar;C:\Program Files\Processing\app\desktop-jvm-1.7.1-de424e1ca627c3ee7de0f1f65430b2c5.jar;C:\Program Files\Processing\app\flatlaf-2.4-6481e9fa65e13e28c37547e0fd1dc2.jar;C:\Program Files\Processing\app\foundation-desktop-1.7.1-2d7e40c714a890b0ea366
Launcher Type: SUN_STANDARD

[Global flags]
     intx CICompilerCount                          = 12                                        {product} {ergonomic}
     uint ConcGCThreads                            = 3                                         {product} {ergonomic}
     uint G1ConcRefinementThreads                  = 13                                        {product} {ergonomic}
   size_t G1HeapRegionSize                         = 2097152                                   {product} {ergonomic}
    uintx GCDrainStackTargetSize                   = 64                                        {product} {ergonomic}
   size_t InitialHeapSize                          = 264241152                                 {product} {ergonomic}
   size_t MarkStackSize                            = 4194304                                   {product} {ergonomic}
   size_t MaxHeapSize                              = 4221566976                                {product} {ergonomic}
   size_t MaxNewSize                               = 2531262464                                {product} {ergonomic}
   size_t MinHeapDeltaBytes                        = 2097152                                   {product} {ergonomic}
   size_t MinHeapSize                              = 8388608                                   {product} {ergonomic}
    uintx NonNMethodCodeHeapSize                   = 7602480                                {pd product} {ergonomic}
    uintx NonProfiledCodeHeapSize                  = 122027880                              {pd product} {ergonomic}
    uintx ProfiledCodeHeapSize                     = 122027880                              {pd product} {ergonomic}
    uintx ReservedCodeCacheSize                    = 251658240                              {pd product} {ergonomic}
     bool SegmentedCodeCache                       = true                                      {product} {ergonomic}
   size_t SoftMaxHeapSize                          = 4221566976                             {manageable} {ergonomic}
     bool UseCompressedClassPointers               = true                           {product lp64_product} {ergonomic}
     bool UseCompressedOops                        = true                           {product lp64_product} {ergonomic}
     bool UseG1GC                                  = true                                      {product} {ergonomic}
     bool UseLargePagesIndividualAllocation        = false                                  {pd product} {ergonomic}

Logging:
Log output configuration:
 #0: stdout all=warning uptime,level,tags
 #1: stderr all=off uptime,level,tags

Environment Variables:
JAVA_HOME=C:\Program Files\Android\Android Studio\jre
PATH=C:\Users\rasho\AppData\Local\Programs\Microsoft VS Code;C:\Program Files\Microsoft SDKs\Azure\CLI2\wbin;C:\Python312\Scripts\;C:\Python312\;C:\Program Files (x86)\VMware\VMware Player\bin\;C:\Python311\Scripts\;C:\Python311\;C:\Python310\Scripts\;C:\Python310\;C:\Windows\system32;C:\Windows;C:\Windows\System32\Wbem;C:\Windows\System32\WindowsPowerShell\v1.0\;C:\Windows\System32\OpenSSH\;C:\Program Files (x86)\NVIDIA Corporation\PhysX\Common;C:\Program Files\NVIDIA Corporation\NVIDIA NvDLISR;C:\Program Files\PuTTY\;C:\Program Files\dotnet\;C:\ProgramData\chocolatey\bin;C:\Program Files\Git\cmd;C:\flutter\bin;C:\Program Files\Docker\Docker\resources\bin;C:\WINDOWS\system32;C:\WINDOWS;C:\WINDOWS\System32\Wbem;C:\WINDOWS\System32\WindowsPowerShell\v1.0\;C:\WINDOWS\System32\OpenSSH\;C:\Program Files\NuGet;C:\Program Files\nodejs\;C:\Users\rasho\AppData\Local\Microsoft\WindowsApps;C:\Users\rasho\.dotnet\tools;C:\Users\rasho\AppData\Local\Google\Cloud SDK\google-cloud-sdk\bin;C:\Users\rasho\AppData\Local\Programs\Microsoft VS Code\bin;C:\Users\rasho\AppData\Local\GitHubDesktop\bin;C:\Users\rasho\AppData\Local\Programs\MiKTeX\miktex\bin\x64\;C:\MinGW\bin;C:\Users\rasho\AppData\Local\Programs\Julia-1.9.3\bin;C:\Program Files\Processing\;C:\Users\rasho\AppData\Roaming\npm;C:\Program Files\Processing\app
USERNAME=rasho
OS=Windows_NT
PROCESSOR_IDENTIFIER=Intel64 Family 6 Model 141 Stepping 1, GenuineIntel
TMP=C:\Users\rasho\AppData\Local\Temp
TEMP=C:\Users\rasho\AppData\Local\Temp



---------------  S Y S T E M  ---------------

OS:
 Windows 11 , 64 bit Build 26100 (10.0.26100.7920)
OS uptime: 4 days 1:16 hours
Hyper-V role detected

CPU: total 16 (initial active 16) (8 cores per cpu, 2 threads per core) family 6 model 141 stepping 1 microcode 0x58, cx8, cmov, fxsr, ht, mmx, 3dnowpref, sse, sse2, sse3, ssse3, sse4.1, sse4.2, popcnt, lzcnt, tsc, tscinvbit, avx, avx2, aes, erms, clmul, bmi1, bmi2, adx, avx512f, avx512dq, avx512cd, avx512bw, avx512vl, sha, fma, vzeroupper, avx512_vpopcntdq, avx512_vpclmulqdq, avx512_vaes, avx512_vnni, clflush, clflushopt, clwb, avx512_vbmi2, avx512_vbmi, hv
Processor Information for all 16 processors :
  Max Mhz: 2304, Current Mhz: 2304, Mhz Limit: 2304

Memory: 4k page, system-wide physical 16103M (737M free)
TotalPageFile size 56327M (AvailPageFile size 7M)
current process WorkingSet (physical memory assigned to process): 95M, peak: 97M
current process commit charge ("private bytes"): 381M, peak: 383M

vm_info: OpenJDK 64-Bit Server VM (17.0.8.1+1) for windows-amd64 JRE (17.0.8.1+1), built on Aug 23 2023 15:29:17 by "admin" with MS VC++ 16.7 (VS2019)

END.
