#
# There is insufficient memory for the Java Runtime Environment to continue.
# Native memory allocation (mmap) failed to map 65536 bytes for Failed to commit metaspace.
# Possible reasons:
#   The system is out of physical RAM or swap space
#   The process is running with CompressedOops enabled, and the Java Heap may be blocking the growth of the native heap
# Possible solutions:
#   Reduce memory load on the system
#   Increase physical memory or swap space
#   Check if swap backing store is full
#   Decrease Java heap size (-Xmx/-Xms)
#   Decrease number of Java threads
#   Decrease Java thread stack sizes (-Xss)
#   Set larger code cache with -XX:ReservedCodeCacheSize=
#   JVM is running with Zero Based Compressed Oops mode in which the Java heap is
#     placed in the first 32GB address space. The Java Heap base address is the
#     maximum limit for the native heap growth. Please use -XX:HeapBaseMinAddress
#     to set the Java Heap base and to place the Java Heap above 32GB virtual address.
# This output file may be truncated or incomplete.
#
#  Out of Memory Error (virtualSpaceNode.cpp:110), pid=44200, tid=13332
#
# JRE version: OpenJDK Runtime Environment Temurin-17.0.8.1+1 (17.0.8.1+1) (build 17.0.8.1+1)
# Java VM: OpenJDK 64-Bit Server VM Temurin-17.0.8.1+1 (17.0.8.1+1, mixed mode, tiered, compressed oops, compressed class ptrs, g1 gc, windows-amd64)
# No core dump will be written. Minidumps are not enabled by default on client versions of Windows
#

---------------  S U M M A R Y ------------

Command Line: -Djpackage.app-version=4.4.7 -Dcompose.application.resources.dir=C:\Program Files\Processing\app\resources -Dcompose.application.configure.swing.globals=true -Dprocessing.version=4.4.7 -Dprocessing.revision=1307 -Dprocessing.contributions.source=https://contributions.processing.org/contribs -Dprocessing.download.page=https://processing.org/download/ -Dprocessing.download.latest=https://processing.org/download/latest.txt -Dprocessing.tutorials=https://processing.org/tutorials/ -Dsun.java2d.metal=true -Dawt.useSystemAAFontSettings=on -Dskiko.library.path=C:\Program Files\Processing\app -Djpackage.app-path=C:\Program Files\Processing\Processing.exe processing.app.ProcessingKt lsp

Host: 11th Gen Intel(R) Core(TM) i7-11800H @ 2.30GHz, 16 cores, 15G,  Windows 11 , 64 bit Build 26100 (10.0.26100.7920)
Time: Wed Mar 25 12:51:14 2026 Eastern Daylight Time elapsed time: 0.512815 seconds (0d 0h 0m 0s)

---------------  T H R E A D  ---------------

Current thread (0x00000257c9847150):  JavaThread "main" [_thread_in_vm, id=13332, stack(0x0000007223c00000,0x0000007223d00000)]

Stack: [0x0000007223c00000,0x0000007223d00000]
Native frames: (J=compiled Java code, j=interpreted, Vv=VM code, C=native code)
V  [jvm.dll+0x678b0a]
V  [jvm.dll+0x835e84]
V  [jvm.dll+0x83762e]
V  [jvm.dll+0x837c93]
V  [jvm.dll+0x24746f]
V  [jvm.dll+0x831f1b]
V  [jvm.dll+0x61d3c6]
V  [jvm.dll+0x61d42a]
V  [jvm.dll+0x61fc5a]
V  [jvm.dll+0x61dd66]
V  [jvm.dll+0x23ce50]
V  [jvm.dll+0x1ec2ed]
V  [jvm.dll+0x1e1d21]
V  [jvm.dll+0x53fba0]
V  [jvm.dll+0x1f2607]
V  [jvm.dll+0x7b06ab]
V  [jvm.dll+0x7b1a52]
V  [jvm.dll+0x7b1d88]
V  [jvm.dll+0x23f76e]
V  [jvm.dll+0x629431]
V  [jvm.dll+0x6dd732]
V  [jvm.dll+0x1884c7]
V  [jvm.dll+0x188112]
C  0x00000257d4058f50

Java frames: (J=compiled Java code, j=interpreted, Vv=VM code)
v  ~RuntimeStub::handle_exception_from_callee Runtime1 stub
J 219 c1 jdk.internal.loader.URLClassPath$JarLoader.ensureOpen()V java.base@17.0.8.1 (36 bytes) @ 0x00000257ccb6fa94 [0x00000257ccb6f8e0+0x00000000000001b4]
j  jdk.internal.loader.URLClassPath$JarLoader.<init>(Ljava/net/URL;Ljava/net/URLStreamHandler;Ljava/util/HashMap;Ljava/security/AccessControlContext;)V+63 java.base@17.0.8.1
j  jdk.internal.loader.URLClassPath$3.run()Ljdk/internal/loader/URLClassPath$Loader;+168 java.base@17.0.8.1
j  jdk.internal.loader.URLClassPath$3.run()Ljava/lang/Object;+1 java.base@17.0.8.1
j  java.security.AccessController.executePrivileged(Ljava/security/PrivilegedExceptionAction;Ljava/security/AccessControlContext;Ljava/lang/Class;)Ljava/lang/Object;+29 java.base@17.0.8.1
j  java.security.AccessController.doPrivileged(Ljava/security/PrivilegedExceptionAction;Ljava/security/AccessControlContext;)Ljava/lang/Object;+13 java.base@17.0.8.1
j  jdk.internal.loader.URLClassPath.getLoader(Ljava/net/URL;)Ljdk/internal/loader/URLClassPath$Loader;+13 java.base@17.0.8.1
J 228 c1 jdk.internal.loader.URLClassPath.getLoader(I)Ljdk/internal/loader/URLClassPath$Loader; java.base@17.0.8.1 (196 bytes) @ 0x00000257ccb78a24 [0x00000257ccb78520+0x0000000000000504]
j  jdk.internal.loader.URLClassPath.getResource(Ljava/lang/String;Z)Ljdk/internal/loader/Resource;+42 java.base@17.0.8.1
j  jdk.internal.loader.BuiltinClassLoader.findClassOnClassPathOrNull(Ljava/lang/String;)Ljava/lang/Class;+26 java.base@17.0.8.1
j  jdk.internal.loader.BuiltinClassLoader.loadClassOrNull(Ljava/lang/String;Z)Ljava/lang/Class;+111 java.base@17.0.8.1
j  jdk.internal.loader.BuiltinClassLoader.loadClass(Ljava/lang/String;Z)Ljava/lang/Class;+3 java.base@17.0.8.1
j  jdk.internal.loader.ClassLoaders$AppClassLoader.loadClass(Ljava/lang/String;Z)Ljava/lang/Class;+36 java.base@17.0.8.1
j  java.lang.ClassLoader.loadClass(Ljava/lang/String;)Ljava/lang/Class;+3 java.base@17.0.8.1
v  ~StubRoutines::call_stub
j  java.lang.Class.forName0(Ljava/lang/String;ZLjava/lang/ClassLoader;Ljava/lang/Class;)Ljava/lang/Class;+0 java.base@17.0.8.1
j  java.lang.Class.forName(Ljava/lang/String;)Ljava/lang/Class;+11 java.base@17.0.8.1
j  kotlin.jvm.internal.Reflection.<clinit>()V+2
v  ~StubRoutines::call_stub
j  processing.app.Processing.<clinit>()V+24
v  ~StubRoutines::call_stub
j  processing.app.ProcessingKt.main([Ljava/lang/String;Lkotlin/coroutines/Continuation;)Ljava/lang/Object;+0
j  processing.app.ProcessingKt$main$2.invoke(Lkotlin/coroutines/Continuation;)Ljava/lang/Object;+5
j  processing.app.ProcessingKt$main$2.invoke(Ljava/lang/Object;)Ljava/lang/Object;+5
j  kotlin.coroutines.intrinsics.IntrinsicsKt__IntrinsicsJvmKt$createCoroutineUnintercepted$$inlined$createCoroutineFromSuspendFunction$IntrinsicsKt__IntrinsicsJvmKt$1.invokeSuspend(Ljava/lang/Object;)Ljava/lang/Object;+65
j  kotlin.coroutines.jvm.internal.BaseContinuationImpl.resumeWith(Ljava/lang/Object;)V+40
j  kotlin.coroutines.ContinuationKt.startCoroutine(Lkotlin/jvm/functions/Function1;Lkotlin/coroutines/Continuation;)V+30
j  kotlin.coroutines.jvm.internal.RunSuspendKt.runSuspend(Lkotlin/jvm/functions/Function1;)V+19
j  processing.app.ProcessingKt.main([Ljava/lang/String;)V+11
v  ~StubRoutines::call_stub

---------------  P R O C E S S  ---------------

Threads class SMR info:
_java_thread_list=0x00000257e94faa90, length=16, elements={
0x00000257c9847150, 0x00000257e901cde0, 0x00000257e901e6c0, 0x00000257e9041880,
0x00000257e9029920, 0x00000257e9042540, 0x00000257e9042e10, 0x00000257e9047be0,
0x00000257e904fa00, 0x00000257e9052320, 0x00000257e92e97d0, 0x00000257e92ebd00,
0x00000257e92ec860, 0x00000257e94a02f0, 0x00000257e95a2a70, 0x00000257e95a2f90
}

Java Threads: ( => current thread )
=>0x00000257c9847150 JavaThread "main" [_thread_in_vm, id=13332, stack(0x0000007223c00000,0x0000007223d00000)]
  0x00000257e901cde0 JavaThread "Reference Handler" daemon [_thread_blocked, id=37776, stack(0x0000007224300000,0x0000007224400000)]
  0x00000257e901e6c0 JavaThread "Finalizer" daemon [_thread_blocked, id=44188, stack(0x0000007224400000,0x0000007224500000)]
  0x00000257e9041880 JavaThread "Signal Dispatcher" daemon [_thread_blocked, id=34820, stack(0x0000007224500000,0x0000007224600000)]
  0x00000257e9029920 JavaThread "Attach Listener" daemon [_thread_blocked, id=41204, stack(0x0000007224600000,0x0000007224700000)]
  0x00000257e9042540 JavaThread "Service Thread" daemon [_thread_blocked, id=41144, stack(0x0000007224700000,0x0000007224800000)]
  0x00000257e9042e10 JavaThread "Monitor Deflation Thread" daemon [_thread_blocked, id=35640, stack(0x0000007224800000,0x0000007224900000)]
  0x00000257e9047be0 JavaThread "C2 CompilerThread0" daemon [_thread_blocked, id=30180, stack(0x0000007224900000,0x0000007224a00000)]
  0x00000257e904fa00 JavaThread "C1 CompilerThread0" daemon [_thread_blocked, id=26972, stack(0x0000007224a00000,0x0000007224b00000)]
  0x00000257e9052320 JavaThread "Sweeper thread" daemon [_thread_blocked, id=44956, stack(0x0000007224b00000,0x0000007224c00000)]
  0x00000257e92e97d0 JavaThread "C1 CompilerThread1" daemon [_thread_blocked, id=34244, stack(0x0000007224c00000,0x0000007224d00000)]
  0x00000257e92ebd00 JavaThread "C1 CompilerThread2" daemon [_thread_blocked, id=19252, stack(0x0000007224d00000,0x0000007224e00000)]
  0x00000257e92ec860 JavaThread "Notification Thread" daemon [_thread_blocked, id=40744, stack(0x0000007224e00000,0x0000007224f00000)]
  0x00000257e94a02f0 JavaThread "Common-Cleaner" daemon [_thread_blocked, id=48532, stack(0x0000007225000000,0x0000007225100000)]
  0x00000257e95a2a70 JavaThread "C2 CompilerThread1" daemon [_thread_blocked, id=28760, stack(0x0000007225100000,0x0000007225200000)]
  0x00000257e95a2f90 JavaThread "C2 CompilerThread2" daemon [_thread_blocked, id=41484, stack(0x0000007225200000,0x0000007225300000)]

Other Threads:
  0x00000257e606ed00 VMThread "VM Thread" [stack: 0x0000007224200000,0x0000007224300000] [id=9096]
  0x00000257e5effaa0 WatcherThread [stack: 0x0000007224f00000,0x0000007225000000] [id=43848]
  0x00000257c988daa0 GCTaskThread "GC Thread#0" [stack: 0x0000007223d00000,0x0000007223e00000] [id=11248]
  0x00000257c989dcc0 ConcurrentGCThread "G1 Main Marker" [stack: 0x0000007223e00000,0x0000007223f00000] [id=22524]
  0x00000257e5eb2ad0 ConcurrentGCThread "G1 Conc#0" [stack: 0x0000007223f00000,0x0000007224000000] [id=11000]
  0x00000257e5f97510 ConcurrentGCThread "G1 Refine#0" [stack: 0x0000007224000000,0x0000007224100000] [id=48504]
  0x00000257e5f9ac20 ConcurrentGCThread "G1 Service" [stack: 0x0000007224100000,0x0000007224200000] [id=9252]

Threads with active compile tasks:

VM state: not at safepoint (normal execution)

VM Mutex/Monitor currently owned by a thread:  ([mutex/lock_event])
[0x00000257c7c10360] Metaspace_lock - owner thread: 0x00000257c9847150

OutOfMemory and StackOverflow Exception counts:
OutOfMemoryError java_heap_errors=1

Heap address: 0x0000000704600000, size: 4026 MB, Compressed Oops mode: Zero based, Oop shift amount: 3

CDS archive(s) not mapped
Compressed class space mapped at: 0x0000000800000000-0x0000000840000000, reserved size: 1073741824
Narrow klass base: 0x0000000800000000, Narrow klass shift: 0, Narrow klass range: 0x40000000

GC Precious Log:
 CPUs: 16 total, 16 available
 Memory: 16103M
 Large Page Support: Disabled
 NUMA Support: Disabled
 Compressed Oops: Enabled (Zero based)
 Heap Region Size: 2M
 Heap Min Capacity: 8M
 Heap Initial Capacity: 252M
 Heap Max Capacity: 4026M
 Pre-touch: Disabled
 Parallel Workers: 13
 Concurrent Workers: 3
 Concurrent Refinement Workers: 13
 Periodic GC: Disabled

Heap:
 garbage-first heap   total 258048K, used 6144K [0x0000000704600000, 0x0000000800000000)
  region size 2048K, 5 young (10240K), 0 survivors (0K)
 Metaspace       used 4649K, committed 4736K, reserved 1114112K
  class space    used 442K, committed 512K, reserved 1048576K

Heap Regions: E=young(eden), S=young(survivor), O=old, HS=humongous(starts), HC=humongous(continues), CS=collection set, F=free, OA=open archive, CA=closed archive, TAMS=top-at-mark-start (previous, next)
|   0|0x0000000704600000, 0x0000000704600000, 0x0000000704800000|  0%| F|  |TAMS 0x0000000704600000, 0x0000000704600000| Untracked 
|   1|0x0000000704800000, 0x0000000704800000, 0x0000000704a00000|  0%| F|  |TAMS 0x0000000704800000, 0x0000000704800000| Untracked 
|   2|0x0000000704a00000, 0x0000000704a00000, 0x0000000704c00000|  0%| F|  |TAMS 0x0000000704a00000, 0x0000000704a00000| Untracked 
|   3|0x0000000704c00000, 0x0000000704c00000, 0x0000000704e00000|  0%| F|  |TAMS 0x0000000704c00000, 0x0000000704c00000| Untracked 
|   4|0x0000000704e00000, 0x0000000704e00000, 0x0000000705000000|  0%| F|  |TAMS 0x0000000704e00000, 0x0000000704e00000| Untracked 
|   5|0x0000000705000000, 0x0000000705000000, 0x0000000705200000|  0%| F|  |TAMS 0x0000000705000000, 0x0000000705000000| Untracked 
|   6|0x0000000705200000, 0x0000000705200000, 0x0000000705400000|  0%| F|  |TAMS 0x0000000705200000, 0x0000000705200000| Untracked 
|   7|0x0000000705400000, 0x0000000705400000, 0x0000000705600000|  0%| F|  |TAMS 0x0000000705400000, 0x0000000705400000| Untracked 
|   8|0x0000000705600000, 0x0000000705600000, 0x0000000705800000|  0%| F|  |TAMS 0x0000000705600000, 0x0000000705600000| Untracked 
|   9|0x0000000705800000, 0x0000000705800000, 0x0000000705a00000|  0%| F|  |TAMS 0x0000000705800000, 0x0000000705800000| Untracked 
|  10|0x0000000705a00000, 0x0000000705a00000, 0x0000000705c00000|  0%| F|  |TAMS 0x0000000705a00000, 0x0000000705a00000| Untracked 
|  11|0x0000000705c00000, 0x0000000705c00000, 0x0000000705e00000|  0%| F|  |TAMS 0x0000000705c00000, 0x0000000705c00000| Untracked 
|  12|0x0000000705e00000, 0x0000000705e00000, 0x0000000706000000|  0%| F|  |TAMS 0x0000000705e00000, 0x0000000705e00000| Untracked 
|  13|0x0000000706000000, 0x0000000706000000, 0x0000000706200000|  0%| F|  |TAMS 0x0000000706000000, 0x0000000706000000| Untracked 
|  14|0x0000000706200000, 0x0000000706200000, 0x0000000706400000|  0%| F|  |TAMS 0x0000000706200000, 0x0000000706200000| Untracked 
|  15|0x0000000706400000, 0x0000000706400000, 0x0000000706600000|  0%| F|  |TAMS 0x0000000706400000, 0x0000000706400000| Untracked 
|  16|0x0000000706600000, 0x0000000706600000, 0x0000000706800000|  0%| F|  |TAMS 0x0000000706600000, 0x0000000706600000| Untracked 
|  17|0x0000000706800000, 0x0000000706800000, 0x0000000706a00000|  0%| F|  |TAMS 0x0000000706800000, 0x0000000706800000| Untracked 
|  18|0x0000000706a00000, 0x0000000706a00000, 0x0000000706c00000|  0%| F|  |TAMS 0x0000000706a00000, 0x0000000706a00000| Untracked 
|  19|0x0000000706c00000, 0x0000000706c00000, 0x0000000706e00000|  0%| F|  |TAMS 0x0000000706c00000, 0x0000000706c00000| Untracked 
|  20|0x0000000706e00000, 0x0000000706e00000, 0x0000000707000000|  0%| F|  |TAMS 0x0000000706e00000, 0x0000000706e00000| Untracked 
|  21|0x0000000707000000, 0x0000000707000000, 0x0000000707200000|  0%| F|  |TAMS 0x0000000707000000, 0x0000000707000000| Untracked 
|  22|0x0000000707200000, 0x0000000707200000, 0x0000000707400000|  0%| F|  |TAMS 0x0000000707200000, 0x0000000707200000| Untracked 
|  23|0x0000000707400000, 0x0000000707400000, 0x0000000707600000|  0%| F|  |TAMS 0x0000000707400000, 0x0000000707400000| Untracked 
|  24|0x0000000707600000, 0x0000000707600000, 0x0000000707800000|  0%| F|  |TAMS 0x0000000707600000, 0x0000000707600000| Untracked 
|  25|0x0000000707800000, 0x0000000707800000, 0x0000000707a00000|  0%| F|  |TAMS 0x0000000707800000, 0x0000000707800000| Untracked 
|  26|0x0000000707a00000, 0x0000000707a00000, 0x0000000707c00000|  0%| F|  |TAMS 0x0000000707a00000, 0x0000000707a00000| Untracked 
|  27|0x0000000707c00000, 0x0000000707c00000, 0x0000000707e00000|  0%| F|  |TAMS 0x0000000707c00000, 0x0000000707c00000| Untracked 
|  28|0x0000000707e00000, 0x0000000707e00000, 0x0000000708000000|  0%| F|  |TAMS 0x0000000707e00000, 0x0000000707e00000| Untracked 
|  29|0x0000000708000000, 0x0000000708000000, 0x0000000708200000|  0%| F|  |TAMS 0x0000000708000000, 0x0000000708000000| Untracked 
|  30|0x0000000708200000, 0x0000000708200000, 0x0000000708400000|  0%| F|  |TAMS 0x0000000708200000, 0x0000000708200000| Untracked 
|  31|0x0000000708400000, 0x0000000708400000, 0x0000000708600000|  0%| F|  |TAMS 0x0000000708400000, 0x0000000708400000| Untracked 
|  32|0x0000000708600000, 0x0000000708600000, 0x0000000708800000|  0%| F|  |TAMS 0x0000000708600000, 0x0000000708600000| Untracked 
|  33|0x0000000708800000, 0x0000000708800000, 0x0000000708a00000|  0%| F|  |TAMS 0x0000000708800000, 0x0000000708800000| Untracked 
|  34|0x0000000708a00000, 0x0000000708a00000, 0x0000000708c00000|  0%| F|  |TAMS 0x0000000708a00000, 0x0000000708a00000| Untracked 
|  35|0x0000000708c00000, 0x0000000708c00000, 0x0000000708e00000|  0%| F|  |TAMS 0x0000000708c00000, 0x0000000708c00000| Untracked 
|  36|0x0000000708e00000, 0x0000000708e00000, 0x0000000709000000|  0%| F|  |TAMS 0x0000000708e00000, 0x0000000708e00000| Untracked 
|  37|0x0000000709000000, 0x0000000709000000, 0x0000000709200000|  0%| F|  |TAMS 0x0000000709000000, 0x0000000709000000| Untracked 
|  38|0x0000000709200000, 0x0000000709200000, 0x0000000709400000|  0%| F|  |TAMS 0x0000000709200000, 0x0000000709200000| Untracked 
|  39|0x0000000709400000, 0x0000000709400000, 0x0000000709600000|  0%| F|  |TAMS 0x0000000709400000, 0x0000000709400000| Untracked 
|  40|0x0000000709600000, 0x0000000709600000, 0x0000000709800000|  0%| F|  |TAMS 0x0000000709600000, 0x0000000709600000| Untracked 
|  41|0x0000000709800000, 0x0000000709800000, 0x0000000709a00000|  0%| F|  |TAMS 0x0000000709800000, 0x0000000709800000| Untracked 
|  42|0x0000000709a00000, 0x0000000709a00000, 0x0000000709c00000|  0%| F|  |TAMS 0x0000000709a00000, 0x0000000709a00000| Untracked 
|  43|0x0000000709c00000, 0x0000000709c00000, 0x0000000709e00000|  0%| F|  |TAMS 0x0000000709c00000, 0x0000000709c00000| Untracked 
|  44|0x0000000709e00000, 0x0000000709e00000, 0x000000070a000000|  0%| F|  |TAMS 0x0000000709e00000, 0x0000000709e00000| Untracked 
|  45|0x000000070a000000, 0x000000070a000000, 0x000000070a200000|  0%| F|  |TAMS 0x000000070a000000, 0x000000070a000000| Untracked 
|  46|0x000000070a200000, 0x000000070a200000, 0x000000070a400000|  0%| F|  |TAMS 0x000000070a200000, 0x000000070a200000| Untracked 
|  47|0x000000070a400000, 0x000000070a400000, 0x000000070a600000|  0%| F|  |TAMS 0x000000070a400000, 0x000000070a400000| Untracked 
|  48|0x000000070a600000, 0x000000070a600000, 0x000000070a800000|  0%| F|  |TAMS 0x000000070a600000, 0x000000070a600000| Untracked 
|  49|0x000000070a800000, 0x000000070a800000, 0x000000070aa00000|  0%| F|  |TAMS 0x000000070a800000, 0x000000070a800000| Untracked 
|  50|0x000000070aa00000, 0x000000070aa00000, 0x000000070ac00000|  0%| F|  |TAMS 0x000000070aa00000, 0x000000070aa00000| Untracked 
|  51|0x000000070ac00000, 0x000000070ac00000, 0x000000070ae00000|  0%| F|  |TAMS 0x000000070ac00000, 0x000000070ac00000| Untracked 
|  52|0x000000070ae00000, 0x000000070ae00000, 0x000000070b000000|  0%| F|  |TAMS 0x000000070ae00000, 0x000000070ae00000| Untracked 
|  53|0x000000070b000000, 0x000000070b000000, 0x000000070b200000|  0%| F|  |TAMS 0x000000070b000000, 0x000000070b000000| Untracked 
|  54|0x000000070b200000, 0x000000070b200000, 0x000000070b400000|  0%| F|  |TAMS 0x000000070b200000, 0x000000070b200000| Untracked 
|  55|0x000000070b400000, 0x000000070b400000, 0x000000070b600000|  0%| F|  |TAMS 0x000000070b400000, 0x000000070b400000| Untracked 
|  56|0x000000070b600000, 0x000000070b600000, 0x000000070b800000|  0%| F|  |TAMS 0x000000070b600000, 0x000000070b600000| Untracked 
|  57|0x000000070b800000, 0x000000070b800000, 0x000000070ba00000|  0%| F|  |TAMS 0x000000070b800000, 0x000000070b800000| Untracked 
|  58|0x000000070ba00000, 0x000000070ba00000, 0x000000070bc00000|  0%| F|  |TAMS 0x000000070ba00000, 0x000000070ba00000| Untracked 
|  59|0x000000070bc00000, 0x000000070bc00000, 0x000000070be00000|  0%| F|  |TAMS 0x000000070bc00000, 0x000000070bc00000| Untracked 
|  60|0x000000070be00000, 0x000000070be00000, 0x000000070c000000|  0%| F|  |TAMS 0x000000070be00000, 0x000000070be00000| Untracked 
|  61|0x000000070c000000, 0x000000070c000000, 0x000000070c200000|  0%| F|  |TAMS 0x000000070c000000, 0x000000070c000000| Untracked 
|  62|0x000000070c200000, 0x000000070c200000, 0x000000070c400000|  0%| F|  |TAMS 0x000000070c200000, 0x000000070c200000| Untracked 
|  63|0x000000070c400000, 0x000000070c400000, 0x000000070c600000|  0%| F|  |TAMS 0x000000070c400000, 0x000000070c400000| Untracked 
|  64|0x000000070c600000, 0x000000070c600000, 0x000000070c800000|  0%| F|  |TAMS 0x000000070c600000, 0x000000070c600000| Untracked 
|  65|0x000000070c800000, 0x000000070c800000, 0x000000070ca00000|  0%| F|  |TAMS 0x000000070c800000, 0x000000070c800000| Untracked 
|  66|0x000000070ca00000, 0x000000070ca00000, 0x000000070cc00000|  0%| F|  |TAMS 0x000000070ca00000, 0x000000070ca00000| Untracked 
|  67|0x000000070cc00000, 0x000000070cc00000, 0x000000070ce00000|  0%| F|  |TAMS 0x000000070cc00000, 0x000000070cc00000| Untracked 
|  68|0x000000070ce00000, 0x000000070ce00000, 0x000000070d000000|  0%| F|  |TAMS 0x000000070ce00000, 0x000000070ce00000| Untracked 
|  69|0x000000070d000000, 0x000000070d000000, 0x000000070d200000|  0%| F|  |TAMS 0x000000070d000000, 0x000000070d000000| Untracked 
|  70|0x000000070d200000, 0x000000070d200000, 0x000000070d400000|  0%| F|  |TAMS 0x000000070d200000, 0x000000070d200000| Untracked 
|  71|0x000000070d400000, 0x000000070d400000, 0x000000070d600000|  0%| F|  |TAMS 0x000000070d400000, 0x000000070d400000| Untracked 
|  72|0x000000070d600000, 0x000000070d600000, 0x000000070d800000|  0%| F|  |TAMS 0x000000070d600000, 0x000000070d600000| Untracked 
|  73|0x000000070d800000, 0x000000070d800000, 0x000000070da00000|  0%| F|  |TAMS 0x000000070d800000, 0x000000070d800000| Untracked 
|  74|0x000000070da00000, 0x000000070da00000, 0x000000070dc00000|  0%| F|  |TAMS 0x000000070da00000, 0x000000070da00000| Untracked 
|  75|0x000000070dc00000, 0x000000070dc00000, 0x000000070de00000|  0%| F|  |TAMS 0x000000070dc00000, 0x000000070dc00000| Untracked 
|  76|0x000000070de00000, 0x000000070de00000, 0x000000070e000000|  0%| F|  |TAMS 0x000000070de00000, 0x000000070de00000| Untracked 
|  77|0x000000070e000000, 0x000000070e000000, 0x000000070e200000|  0%| F|  |TAMS 0x000000070e000000, 0x000000070e000000| Untracked 
|  78|0x000000070e200000, 0x000000070e200000, 0x000000070e400000|  0%| F|  |TAMS 0x000000070e200000, 0x000000070e200000| Untracked 
|  79|0x000000070e400000, 0x000000070e400000, 0x000000070e600000|  0%| F|  |TAMS 0x000000070e400000, 0x000000070e400000| Untracked 
|  80|0x000000070e600000, 0x000000070e600000, 0x000000070e800000|  0%| F|  |TAMS 0x000000070e600000, 0x000000070e600000| Untracked 
|  81|0x000000070e800000, 0x000000070e800000, 0x000000070ea00000|  0%| F|  |TAMS 0x000000070e800000, 0x000000070e800000| Untracked 
|  82|0x000000070ea00000, 0x000000070ea00000, 0x000000070ec00000|  0%| F|  |TAMS 0x000000070ea00000, 0x000000070ea00000| Untracked 
|  83|0x000000070ec00000, 0x000000070ec00000, 0x000000070ee00000|  0%| F|  |TAMS 0x000000070ec00000, 0x000000070ec00000| Untracked 
|  84|0x000000070ee00000, 0x000000070ee00000, 0x000000070f000000|  0%| F|  |TAMS 0x000000070ee00000, 0x000000070ee00000| Untracked 
|  85|0x000000070f000000, 0x000000070f000000, 0x000000070f200000|  0%| F|  |TAMS 0x000000070f000000, 0x000000070f000000| Untracked 
|  86|0x000000070f200000, 0x000000070f200000, 0x000000070f400000|  0%| F|  |TAMS 0x000000070f200000, 0x000000070f200000| Untracked 
|  87|0x000000070f400000, 0x000000070f400000, 0x000000070f600000|  0%| F|  |TAMS 0x000000070f400000, 0x000000070f400000| Untracked 
|  88|0x000000070f600000, 0x000000070f600000, 0x000000070f800000|  0%| F|  |TAMS 0x000000070f600000, 0x000000070f600000| Untracked 
|  89|0x000000070f800000, 0x000000070f800000, 0x000000070fa00000|  0%| F|  |TAMS 0x000000070f800000, 0x000000070f800000| Untracked 
|  90|0x000000070fa00000, 0x000000070fa00000, 0x000000070fc00000|  0%| F|  |TAMS 0x000000070fa00000, 0x000000070fa00000| Untracked 
|  91|0x000000070fc00000, 0x000000070fc00000, 0x000000070fe00000|  0%| F|  |TAMS 0x000000070fc00000, 0x000000070fc00000| Untracked 
|  92|0x000000070fe00000, 0x000000070fe00000, 0x0000000710000000|  0%| F|  |TAMS 0x000000070fe00000, 0x000000070fe00000| Untracked 
|  93|0x0000000710000000, 0x0000000710000000, 0x0000000710200000|  0%| F|  |TAMS 0x0000000710000000, 0x0000000710000000| Untracked 
|  94|0x0000000710200000, 0x0000000710200000, 0x0000000710400000|  0%| F|  |TAMS 0x0000000710200000, 0x0000000710200000| Untracked 
|  95|0x0000000710400000, 0x0000000710400000, 0x0000000710600000|  0%| F|  |TAMS 0x0000000710400000, 0x0000000710400000| Untracked 
|  96|0x0000000710600000, 0x0000000710600000, 0x0000000710800000|  0%| F|  |TAMS 0x0000000710600000, 0x0000000710600000| Untracked 
|  97|0x0000000710800000, 0x0000000710800000, 0x0000000710a00000|  0%| F|  |TAMS 0x0000000710800000, 0x0000000710800000| Untracked 
|  98|0x0000000710a00000, 0x0000000710a00000, 0x0000000710c00000|  0%| F|  |TAMS 0x0000000710a00000, 0x0000000710a00000| Untracked 
|  99|0x0000000710c00000, 0x0000000710c00000, 0x0000000710e00000|  0%| F|  |TAMS 0x0000000710c00000, 0x0000000710c00000| Untracked 
| 100|0x0000000710e00000, 0x0000000710e00000, 0x0000000711000000|  0%| F|  |TAMS 0x0000000710e00000, 0x0000000710e00000| Untracked 
| 101|0x0000000711000000, 0x0000000711000000, 0x0000000711200000|  0%| F|  |TAMS 0x0000000711000000, 0x0000000711000000| Untracked 
| 102|0x0000000711200000, 0x0000000711200000, 0x0000000711400000|  0%| F|  |TAMS 0x0000000711200000, 0x0000000711200000| Untracked 
| 103|0x0000000711400000, 0x0000000711400000, 0x0000000711600000|  0%| F|  |TAMS 0x0000000711400000, 0x0000000711400000| Untracked 
| 104|0x0000000711600000, 0x0000000711600000, 0x0000000711800000|  0%| F|  |TAMS 0x0000000711600000, 0x0000000711600000| Untracked 
| 105|0x0000000711800000, 0x0000000711800000, 0x0000000711a00000|  0%| F|  |TAMS 0x0000000711800000, 0x0000000711800000| Untracked 
| 106|0x0000000711a00000, 0x0000000711a00000, 0x0000000711c00000|  0%| F|  |TAMS 0x0000000711a00000, 0x0000000711a00000| Untracked 
| 107|0x0000000711c00000, 0x0000000711c00000, 0x0000000711e00000|  0%| F|  |TAMS 0x0000000711c00000, 0x0000000711c00000| Untracked 
| 108|0x0000000711e00000, 0x0000000711e00000, 0x0000000712000000|  0%| F|  |TAMS 0x0000000711e00000, 0x0000000711e00000| Untracked 
| 109|0x0000000712000000, 0x0000000712000000, 0x0000000712200000|  0%| F|  |TAMS 0x0000000712000000, 0x0000000712000000| Untracked 
| 110|0x0000000712200000, 0x0000000712200000, 0x0000000712400000|  0%| F|  |TAMS 0x0000000712200000, 0x0000000712200000| Untracked 
| 111|0x0000000712400000, 0x0000000712400000, 0x0000000712600000|  0%| F|  |TAMS 0x0000000712400000, 0x0000000712400000| Untracked 
| 112|0x0000000712600000, 0x0000000712600000, 0x0000000712800000|  0%| F|  |TAMS 0x0000000712600000, 0x0000000712600000| Untracked 
| 113|0x0000000712800000, 0x0000000712800000, 0x0000000712a00000|  0%| F|  |TAMS 0x0000000712800000, 0x0000000712800000| Untracked 
| 114|0x0000000712a00000, 0x0000000712a00000, 0x0000000712c00000|  0%| F|  |TAMS 0x0000000712a00000, 0x0000000712a00000| Untracked 
| 115|0x0000000712c00000, 0x0000000712c00000, 0x0000000712e00000|  0%| F|  |TAMS 0x0000000712c00000, 0x0000000712c00000| Untracked 
| 116|0x0000000712e00000, 0x0000000712e00000, 0x0000000713000000|  0%| F|  |TAMS 0x0000000712e00000, 0x0000000712e00000| Untracked 
| 117|0x0000000713000000, 0x0000000713000000, 0x0000000713200000|  0%| F|  |TAMS 0x0000000713000000, 0x0000000713000000| Untracked 
| 118|0x0000000713200000, 0x0000000713200000, 0x0000000713400000|  0%| F|  |TAMS 0x0000000713200000, 0x0000000713200000| Untracked 
| 119|0x0000000713400000, 0x0000000713400000, 0x0000000713600000|  0%| F|  |TAMS 0x0000000713400000, 0x0000000713400000| Untracked 
| 120|0x0000000713600000, 0x0000000713600000, 0x0000000713800000|  0%| F|  |TAMS 0x0000000713600000, 0x0000000713600000| Untracked 
| 121|0x0000000713800000, 0x000000071387d1f8, 0x0000000713a00000| 24%| E|  |TAMS 0x0000000713800000, 0x0000000713800000| Complete 
| 122|0x0000000713a00000, 0x0000000713c00000, 0x0000000713c00000|100%| E|CS|TAMS 0x0000000713a00000, 0x0000000713a00000| Complete 
| 123|0x0000000713c00000, 0x0000000713e00000, 0x0000000713e00000|100%| E|CS|TAMS 0x0000000713c00000, 0x0000000713c00000| Complete 
| 124|0x0000000713e00000, 0x0000000714000000, 0x0000000714000000|100%| E|  |TAMS 0x0000000713e00000, 0x0000000713e00000| Complete 
| 125|0x0000000714000000, 0x0000000714200000, 0x0000000714200000|100%| E|CS|TAMS 0x0000000714000000, 0x0000000714000000| Complete 

Card table byte_map: [0x00000257dd0d0000,0x00000257dd8b0000] _byte_map_base: 0x00000257d98ad000

Marking Bits (Prev, Next): (CMBitMap*) 0x00000257e5eb18a0, (CMBitMap*) 0x00000257e5eb18e0
 Prev Bits: [0x00000257de090000, 0x00000257e1f78000)
 Next Bits: [0x00000257e1f80000, 0x00000257e5e68000)

Polling page: 0x00000257c8190000

Metaspace:

Usage:
  Non-class:      4.11 MB used.
      Class:    442.25 KB used.
       Both:      4.54 MB used.

Virtual space:
  Non-class space:       64.00 MB reserved,       4.12 MB (  6%) committed,  1 nodes.
      Class space:        1.00 GB reserved,     512.00 KB ( <1%) committed,  1 nodes.
             Both:        1.06 GB reserved,       4.62 MB ( <1%) committed. 

Chunk freelists:
   Non-Class:  11.83 MB
       Class:  15.52 MB
        Both:  27.34 MB

MaxMetaspaceSize: unlimited
CompressedClassSpaceSize: 1.00 GB
Initial GC threshold: 21.00 MB
Current GC threshold: 21.00 MB
CDS: off
MetaspaceReclaimPolicy: balanced
 - commit_granule_bytes: 65536.
 - commit_granule_words: 8192.
 - virtual_space_node_default_size: 8388608.
 - enlarge_chunks_in_place: 1.
 - new_chunks_are_fully_committed: 0.
 - uncommit_free_chunks: 1.
 - use_allocation_guard: 0.
 - handle_deallocations: 1.


Internal statistics:

num_allocs_failed_limit: 0.
num_arena_births: 4.
num_arena_deaths: 0.
num_vsnodes_births: 2.
num_vsnodes_deaths: 0.
num_space_committed: 74.
num_space_uncommitted: 0.
num_chunks_returned_to_freelist: 0.
num_chunks_taken_from_freelist: 19.
num_chunk_merges: 0.
num_chunk_splits: 11.
num_chunks_enlarged: 9.
num_inconsistent_stats: 0.

CodeHeap 'non-profiled nmethods': size=119168Kb used=79Kb max_used=79Kb free=119088Kb
 bounds [0x00000257d46b0000, 0x00000257d4920000, 0x00000257dbb10000]
CodeHeap 'profiled nmethods': size=119104Kb used=610Kb max_used=610Kb free=118493Kb
 bounds [0x00000257ccb10000, 0x00000257ccd80000, 0x00000257d3f60000]
CodeHeap 'non-nmethods': size=7488Kb used=2198Kb max_used=2226Kb free=5289Kb
 bounds [0x00000257d3f60000, 0x00000257d41d0000, 0x00000257d46b0000]
 total_blobs=662 nmethods=339 adapters=234
 compilation: enabled
              stopped_count=0, restarted_count=0
 full_count=0

Compilation events (20 events):
Event: 0.493 Thread 0x00000257e92e97d0  330       3       java.util.zip.ZipFile$Source::isManifestName (165 bytes)
Event: 0.494 Thread 0x00000257e92e97d0 nmethod 330 0x00000257ccba0d90 code [0x00000257ccba0f60, 0x00000257ccba14f8]
Event: 0.494 Thread 0x00000257e95a2f90  331       4       java.lang.Math::min (11 bytes)
Event: 0.494 Thread 0x00000257e95a2f90 nmethod 331 0x00000257d46c2b90 code [0x00000257d46c2d00, 0x00000257d46c2d58]
Event: 0.495 Thread 0x00000257e9047be0 nmethod 328% 0x00000257d46c2e90 code [0x00000257d46c3020, 0x00000257d46c33f8]
Event: 0.496 Thread 0x00000257e95a2a70  332       4       java.util.jar.JarFile::match (132 bytes)
Event: 0.497 Thread 0x00000257e92e97d0  333       3       java.nio.Buffer::hasRemaining (17 bytes)
Event: 0.497 Thread 0x00000257e92e97d0 nmethod 333 0x00000257ccba1690 code [0x00000257ccba1820, 0x00000257ccba1998]
Event: 0.497 Thread 0x00000257e904fa00  334       3       java.lang.ThreadLocal$ThreadLocalMap::getEntry (42 bytes)
Event: 0.497 Thread 0x00000257e904fa00 nmethod 334 0x00000257ccba1a10 code [0x00000257ccba1be0, 0x00000257ccba1fb8]
Event: 0.500 Thread 0x00000257e95a2a70 nmethod 332 0x00000257d46c3690 code [0x00000257d46c3820, 0x00000257d46c3b58]
Event: 0.500 Thread 0x00000257e904fa00  335       3       java.util.zip.ZipUtils::LOCSIG (6 bytes)
Event: 0.500 Thread 0x00000257e92ebd00  336       3       java.util.zip.ZipCoder$UTF8ZipCoder::toString (12 bytes)
Event: 0.500 Thread 0x00000257e92e97d0  337       3       java.lang.System$2::newStringUTF8NoRepl (7 bytes)
Event: 0.500 Thread 0x00000257e904fa00 nmethod 335 0x00000257ccba2190 code [0x00000257ccba2340, 0x00000257ccba2618]
Event: 0.500 Thread 0x00000257e92e97d0 nmethod 337 0x00000257ccba2790 code [0x00000257ccba2920, 0x00000257ccba2a68]
Event: 0.500 Thread 0x00000257e904fa00  338       3       java.lang.String::newStringUTF8NoRepl (274 bytes)
Event: 0.500 Thread 0x00000257e92ebd00 nmethod 336 0x00000257ccba2b10 code [0x00000257ccba2cc0, 0x00000257ccba2e68]
Event: 0.501 Thread 0x00000257e904fa00 nmethod 338 0x00000257ccba2f90 code [0x00000257ccba3240, 0x00000257ccba4318]
Event: 0.504 Thread 0x00000257e92e97d0  339       3       sun.nio.fs.WindowsPathParser::normalize (233 bytes)

GC Heap History (0 events):
No events

Dll operation events (4 events):
Event: 0.025 Loaded shared library C:\Program Files\Processing\runtime\bin\java.dll
Event: 0.352 Loaded shared library C:\Program Files\Processing\runtime\bin\net.dll
Event: 0.358 Loaded shared library C:\Program Files\Processing\runtime\bin\nio.dll
Event: 0.368 Loaded shared library C:\Program Files\Processing\runtime\bin\zip.dll

Deoptimization events (18 events):
Event: 0.285 Thread 0x00000257c9847150 DEOPT PACKING pc=0x00000257ccb17b67 sp=0x0000007223cfe090
Event: 0.285 Thread 0x00000257c9847150 DEOPT UNPACKING pc=0x00000257d3fbace3 sp=0x0000007223cfd4b0 mode 0
Event: 0.318 Thread 0x00000257c9847150 DEOPT PACKING pc=0x00000257ccb15cd1 sp=0x0000007223cfe050
Event: 0.318 Thread 0x00000257c9847150 DEOPT UNPACKING pc=0x00000257d3fbace3 sp=0x0000007223cfd4c8 mode 0
Event: 0.336 Thread 0x00000257c9847150 Uncommon trap: trap_request=0xffffff45 fr.pc=0x00000257d46b0ff8 relative=0x0000000000000078
Event: 0.336 Thread 0x00000257c9847150 Uncommon trap: reason=unstable_if action=reinterpret pc=0x00000257d46b0ff8 method=java.lang.String.isLatin1()Z @ 10 c2
Event: 0.336 Thread 0x00000257c9847150 DEOPT PACKING pc=0x00000257d46b0ff8 sp=0x0000007223cfee80
Event: 0.336 Thread 0x00000257c9847150 DEOPT UNPACKING pc=0x00000257d3fba1a3 sp=0x0000007223cfedc0 mode 2
Event: 0.338 Thread 0x00000257c9847150 Uncommon trap: trap_request=0xffffff45 fr.pc=0x00000257d46b2784 relative=0x0000000000000184
Event: 0.338 Thread 0x00000257c9847150 Uncommon trap: reason=unstable_if action=reinterpret pc=0x00000257d46b2784 method=java.lang.StringLatin1.indexOfChar([BIII)I @ 19 c2
Event: 0.338 Thread 0x00000257c9847150 DEOPT PACKING pc=0x00000257d46b2784 sp=0x0000007223cfdc90
Event: 0.338 Thread 0x00000257c9847150 DEOPT UNPACKING pc=0x00000257d3fba1a3 sp=0x0000007223cfdc08 mode 2
Event: 0.375 Thread 0x00000257c9847150 DEOPT PACKING pc=0x00000257ccb43f51 sp=0x0000007223cfd680
Event: 0.375 Thread 0x00000257c9847150 DEOPT UNPACKING pc=0x00000257d3fbace3 sp=0x0000007223cfcaf8 mode 0
Event: 0.388 Thread 0x00000257c9847150 DEOPT PACKING pc=0x00000257ccb43f51 sp=0x0000007223cfd520
Event: 0.388 Thread 0x00000257c9847150 DEOPT UNPACKING pc=0x00000257d3fbace3 sp=0x0000007223cfc998 mode 0
Event: 0.496 Thread 0x00000257c9847150 DEOPT PACKING pc=0x00000257ccb999b4 sp=0x0000007223cfc7a0
Event: 0.496 Thread 0x00000257c9847150 DEOPT UNPACKING pc=0x00000257d3fbace3 sp=0x0000007223cfbc10 mode 0

Classes unloaded (0 events):
No events

Classes redefined (0 events):
No events

Internal exceptions (1 events):
Event: 0.505 Thread 0x00000257c9847150 Exception <a 'java/lang/OutOfMemoryError'{0x00000007138365b8}> (0x00000007138365b8) 
thrown [s\src\hotspot\share\prims\jni.cpp, line 535]

VM Operations (2 events):
Event: 0.370 Executing VM operation: HandshakeAllThreads
Event: 0.370 Executing VM operation: HandshakeAllThreads done

Events (20 events):
Event: 0.420 loading class java/lang/Void done
Event: 0.422 loading class java/util/concurrent/ConcurrentHashMap$ForwardingNode
Event: 0.422 loading class java/util/concurrent/ConcurrentHashMap$ForwardingNode done
Event: 0.423 loading class java/lang/AssertionError
Event: 0.424 loading class java/lang/AssertionError done
Event: 0.424 loading class java/lang/IllegalStateException
Event: 0.424 loading class java/lang/IllegalStateException done
Event: 0.424 loading class java/lang/UnsupportedOperationException
Event: 0.424 loading class java/lang/UnsupportedOperationException done
Event: 0.444 loading class java/lang/InstantiationException
Event: 0.444 loading class java/lang/InstantiationException done
Event: 0.444 loading class java/lang/IllegalAccessException
Event: 0.444 loading class java/lang/IllegalAccessException done
Event: 0.489 loading class java/util/ArrayList$Itr
Event: 0.489 loading class java/util/ArrayList$Itr done
Event: 0.505 loading class java/util/zip/DataFormatException
Event: 0.505 loading class java/util/zip/DataFormatException done
Event: 0.505 loading class java/io/IOException
Event: 0.505 loading class java/io/IOException done
Event: 0.505 loading class java/security/PrivilegedActionException


Dynamic libraries:
0x00007ff6a69f0000 - 0x00007ff6a6a68000 	C:\Program Files\Processing\Processing.exe
0x00007ffe00fa0000 - 0x00007ffe01207000 	C:\WINDOWS\SYSTEM32\ntdll.dll
0x00007ffe000f0000 - 0x00007ffe001b9000 	C:\WINDOWS\System32\KERNEL32.DLL
0x00007ffdfd880000 - 0x00007ffdfdc71000 	C:\WINDOWS\System32\KERNELBASE.dll
0x00007ffdfff20000 - 0x00007ffe000e5000 	C:\WINDOWS\System32\USER32.dll
0x00007ffdfdc80000 - 0x00007ffdfdca7000 	C:\WINDOWS\System32\win32u.dll
0x00007ffdfefe0000 - 0x00007ffdff00b000 	C:\WINDOWS\System32\GDI32.dll
0x00007ffdfec10000 - 0x00007ffdfed3b000 	C:\WINDOWS\System32\gdi32full.dll
0x00007ffdfdcb0000 - 0x00007ffdfdd53000 	C:\WINDOWS\System32\msvcp_win.dll
0x00007ffdfe0e0000 - 0x00007ffdfe22b000 	C:\WINDOWS\System32\ucrtbase.dll
0x00007ffdff7b0000 - 0x00007ffdfff0f000 	C:\WINDOWS\System32\SHELL32.dll
0x00007ffdfeaa0000 - 0x00007ffdfec0a000 	C:\WINDOWS\System32\wintypes.dll
0x00007ffdff2a0000 - 0x00007ffdff622000 	C:\WINDOWS\System32\combase.dll
0x00007ffe001c0000 - 0x00007ffe002d8000 	C:\WINDOWS\System32\RPCRT4.dll
0x00007ffdff260000 - 0x00007ffdff291000 	C:\WINDOWS\System32\IMM32.DLL
0x00000257c80b0000 - 0x00000257c80c6000 	C:\WINDOWS\System32\umppc20505.dll
0x00000257c80f0000 - 0x00000257c8104000 	C:\WINDOWS\System32\CsXumd64_20505.dll
0x00007ffe00340000 - 0x00007ffe00437000 	C:\WINDOWS\System32\shcore.dll
0x00007ffdddd80000 - 0x00007ffdddd97000 	C:\Program Files\Processing\runtime\bin\jli.dll
0x00007ffdfcc00000 - 0x00007ffdfce93000 	C:\WINDOWS\WinSxS\amd64_microsoft.windows.common-controls_6595b64144ccf1df_6.0.26100.8037_none_3e092faae333b53b\COMCTL32.dll
0x00007ffdfef20000 - 0x00007ffdfefc9000 	C:\WINDOWS\System32\msvcrt.dll
0x00007ffddb900000 - 0x00007ffddb919000 	C:\Program Files\Processing\runtime\bin\VCRUNTIME140.dll
0x00007ffdf7cf0000 - 0x00007ffdf7cfc000 	C:\Program Files\Processing\runtime\bin\vcruntime140_1.dll
0x00007ffdca470000 - 0x00007ffdca501000 	C:\Program Files\Processing\runtime\bin\msvcp140.dll
0x00007ffd372b0000 - 0x00007ffd37efc000 	C:\Program Files\Processing\runtime\bin\server\jvm.dll
0x00007ffdff1a0000 - 0x00007ffdff25b000 	C:\WINDOWS\System32\ADVAPI32.dll
0x00007ffe00a30000 - 0x00007ffe00ad7000 	C:\WINDOWS\System32\sechost.dll
0x00007ffdfd6e0000 - 0x00007ffdfd73e000 	C:\WINDOWS\SYSTEM32\POWRPROF.dll
0x00007ffdd9730000 - 0x00007ffdd973a000 	C:\WINDOWS\SYSTEM32\WSOCK32.dll
0x00007ffdfed40000 - 0x00007ffdfedb4000 	C:\WINDOWS\System32\WS2_32.dll
0x00007ffdf9e80000 - 0x00007ffdf9eb5000 	C:\WINDOWS\SYSTEM32\WINMM.dll
0x00007ffdf5960000 - 0x00007ffdf596b000 	C:\WINDOWS\SYSTEM32\VERSION.dll
0x00007ffdfd6c0000 - 0x00007ffdfd6d4000 	C:\WINDOWS\SYSTEM32\UMPDC.dll
0x00007ffdfbce0000 - 0x00007ffdfbcfb000 	C:\WINDOWS\SYSTEM32\kernel.appcore.dll
0x00007ffdf7bf0000 - 0x00007ffdf7bfa000 	C:\Program Files\Processing\runtime\bin\jimage.dll
0x00007ffdfd030000 - 0x00007ffdfd272000 	C:\WINDOWS\SYSTEM32\DBGHELP.DLL
0x00007ffdff040000 - 0x00007ffdff117000 	C:\WINDOWS\System32\OLEAUT32.dll
0x00007ffdfcea0000 - 0x00007ffdfcedb000 	C:\WINDOWS\SYSTEM32\dbgcore.DLL
0x00007ffdfdf70000 - 0x00007ffdfe015000 	C:\WINDOWS\System32\bcryptPrimitives.dll
0x00007ffdd85c0000 - 0x00007ffdd85e5000 	C:\Program Files\Processing\runtime\bin\java.dll
0x00007ffdfe230000 - 0x00007ffdfea94000 	C:\WINDOWS\System32\windows.storage.dll
0x00007ffe00920000 - 0x00007ffe00987000 	C:\WINDOWS\System32\shlwapi.dll
0x00007ffdfd7a0000 - 0x00007ffdfd7c9000 	C:\WINDOWS\SYSTEM32\profapi.dll
0x00007ffdd8660000 - 0x00007ffdd8679000 	C:\Program Files\Processing\runtime\bin\net.dll
0x00007ffdf5d70000 - 0x00007ffdf5e97000 	C:\WINDOWS\SYSTEM32\WINHTTP.dll
0x00007ffdfc210000 - 0x00007ffdfc27b000 	C:\WINDOWS\system32\mswsock.dll
0x00007ffdd85a0000 - 0x00007ffdd85b5000 	C:\Program Files\Processing\runtime\bin\nio.dll
0x00007ffdd2760000 - 0x00007ffdd2778000 	C:\Program Files\Processing\runtime\bin\zip.dll

dbghelp: loaded successfully - version: 4.0.5 - missing functions: none
symbol engine: initialized successfully - sym options: 0x614 - pdb path: .;C:\Program Files\Processing;C:\WINDOWS\SYSTEM32;C:\Program Files\Processing\runtime\bin;C:\WINDOWS\WinSxS\amd64_microsoft.windows.common-controls_6595b64144ccf1df_6.0.26100.8037_none_3e092faae333b53b;C:\Program Files\Processing\runtime\bin\server

VM Arguments:
jvm_args: -Djpackage.app-version=4.4.7 -Dcompose.application.resources.dir=C:\Program Files\Processing\app\resources -Dcompose.application.configure.swing.globals=true -Dprocessing.version=4.4.7 -Dprocessing.revision=1307 -Dprocessing.contributions.source=https://contributions.processing.org/contribs -Dprocessing.download.page=https://processing.org/download/ -Dprocessing.download.latest=https://processing.org/download/latest.txt -Dprocessing.tutorials=https://processing.org/tutorials/ -Dsun.java2d.metal=true -Dawt.useSystemAAFontSettings=on -Dskiko.library.path=C:\Program Files\Processing\app -Djpackage.app-path=C:\Program Files\Processing\Processing.exe 
java_command: processing.app.ProcessingKt lsp
java_class_path (initial): C:\Program Files\Processing\app\app-4.4.7-e96fb85d9b87e2a6836e2468a15ca60.jar;C:\Program Files\Processing\app\animation-core-desktop-1.7.1-87bb47dcf611207d17ac1fabc2155e1.jar;C:\Program Files\Processing\app\animation-desktop-1.7.1-405fd87261449d20aacb4543f98b26b.jar;C:\Program Files\Processing\app\annotation-jvm-1.8.0-3c74b73c0c75521f67964f11b28dec9.jar;C:\Program Files\Processing\app\annotations-23.0.0-8484cd17d040d837983323f760b2c660.jar;C:\Program Files\Processing\app\ant-1.10.14-263e0d844d0e4efa54440ec5ed6362a.jar;C:\Program Files\Processing\app\ant-launcher-1.10.14-e6c71b2f05383e1fb891e99f5267663.jar;C:\Program Files\Processing\app\antlr-2.7.7-f8f1352c52a4c6a50b59759651fc64.jar;C:\Program Files\Processing\app\antlr-runtime-3.5.2-1fbbae2cb72530207c20b797bdabd029.jar;C:\Program Files\Processing\app\antlr4-4.7.2-fb6d825b259de868e7f38bf1b8fa0b9.jar;C:\Program Files\Processing\app\antlr4-runtime-4.7.2-2592a7a5d732ad5f6677bf41f77a11.jar;C:\Program Files\Processing\app\atomicfu-jvm-0.23.2-5e4f88ed1c37222d791f5dcadf481498.jar;C:\Program Files\Processing\app\classpath-explorer-1.0-caab34e762a7f05d30ac7d40af90b3ef.jar;C:\Program Files\Processing\app\clikt-jvm-56324132fdbcd27f903c16d7bcfa4b8.jar;C:\Program Files\Processing\app\clikt-mordant-jvm-3c28e5f442b1e2978ce8fbd2f56e541.jar;C:\Program Files\Processing\app\collection-jvm-1.4.0-3f0597ec99a52ecdbf6f3962c5dc77a.jar;C:\Program Files\Processing\app\colormath-jvm-6a279b2713acb5c7ffb5e683bf2841.jar;C:\Program Files\Processing\app\compottie-desktop-2.0.0-rc02-5f1edfd67e18f4319b4c781c2b3d1e4.jar;C:\Program Files\Processing\app\core-4.4.7-b3ecf8494d828528c05573c1edbb881.jar;C:\Program Files\Processing\app\core-common-2.2.0-2212d240dfe1e8a7598ee117ccc316d.jar;C:\Program Files\Processing\app\desktop-jvm-1.7.1-de424e1ca627c3ee7de0f1f65430b2c5.jar;C:\Program Files\Processing\app\flatlaf-2.4-6481e9fa65e13e28c37547e0fd1dc2.jar;C:\Program Files\Processing\app\foundation-desktop-1.7.1-2d7e40c714a890b0ea366
Launcher Type: SUN_STANDARD

[Global flags]
     intx CICompilerCount                          = 12                                        {product} {ergonomic}
     uint ConcGCThreads                            = 3                                         {product} {ergonomic}
     uint G1ConcRefinementThreads                  = 13                                        {product} {ergonomic}
   size_t G1HeapRegionSize                         = 2097152                                   {product} {ergonomic}
    uintx GCDrainStackTargetSize                   = 64                                        {product} {ergonomic}
   size_t InitialHeapSize                          = 264241152                                 {product} {ergonomic}
   size_t MarkStackSize                            = 4194304                                   {product} {ergonomic}
   size_t MaxHeapSize                              = 4221566976                                {product} {ergonomic}
   size_t MaxNewSize                               = 2531262464                                {product} {ergonomic}
   size_t MinHeapDeltaBytes                        = 2097152                                   {product} {ergonomic}
   size_t MinHeapSize                              = 8388608                                   {product} {ergonomic}
    uintx NonNMethodCodeHeapSize                   = 7602480                                {pd product} {ergonomic}
    uintx NonProfiledCodeHeapSize                  = 122027880                              {pd product} {ergonomic}
    uintx ProfiledCodeHeapSize                     = 122027880                              {pd product} {ergonomic}
    uintx ReservedCodeCacheSize                    = 251658240                              {pd product} {ergonomic}
     bool SegmentedCodeCache                       = true                                      {product} {ergonomic}
   size_t SoftMaxHeapSize                          = 4221566976                             {manageable} {ergonomic}
     bool UseCompressedClassPointers               = true                           {product lp64_product} {ergonomic}
     bool UseCompressedOops                        = true                           {product lp64_product} {ergonomic}
     bool UseG1GC                                  = true                                      {product} {ergonomic}
     bool UseLargePagesIndividualAllocation        = false                                  {pd product} {ergonomic}

Logging:
Log output configuration:
 #0: stdout all=warning uptime,level,tags
 #1: stderr all=off uptime,level,tags

Environment Variables:
JAVA_HOME=C:\Program Files\Android\Android Studio\jre
PATH=C:\Users\rasho\AppData\Local\Programs\Microsoft VS Code;C:\Program Files\Microsoft SDKs\Azure\CLI2\wbin;C:\Python312\Scripts\;C:\Python312\;C:\Program Files (x86)\VMware\VMware Player\bin\;C:\Python311\Scripts\;C:\Python311\;C:\Python310\Scripts\;C:\Python310\;C:\Windows\system32;C:\Windows;C:\Windows\System32\Wbem;C:\Windows\System32\WindowsPowerShell\v1.0\;C:\Windows\System32\OpenSSH\;C:\Program Files (x86)\NVIDIA Corporation\PhysX\Common;C:\Program Files\NVIDIA Corporation\NVIDIA NvDLISR;C:\Program Files\PuTTY\;C:\Program Files\dotnet\;C:\ProgramData\chocolatey\bin;C:\Program Files\Git\cmd;C:\flutter\bin;C:\Program Files\Docker\Docker\resources\bin;C:\WINDOWS\system32;C:\WINDOWS;C:\WINDOWS\System32\Wbem;C:\WINDOWS\System32\WindowsPowerShell\v1.0\;C:\WINDOWS\System32\OpenSSH\;C:\Program Files\NuGet;C:\Program Files\nodejs\;C:\Users\rasho\AppData\Local\Microsoft\WindowsApps;C:\Users\rasho\.dotnet\tools;C:\Users\rasho\AppData\Local\Google\Cloud SDK\google-cloud-sdk\bin;C:\Users\rasho\AppData\Local\Programs\Microsoft VS Code\bin;C:\Users\rasho\AppData\Local\GitHubDesktop\bin;C:\Users\rasho\AppData\Local\Programs\MiKTeX\miktex\bin\x64\;C:\MinGW\bin;C:\Users\rasho\AppData\Local\Programs\Julia-1.9.3\bin;C:\Program Files\Processing\;C:\Users\rasho\AppData\Roaming\npm;C:\Program Files\Processing\app
USERNAME=rasho
OS=Windows_NT
PROCESSOR_IDENTIFIER=Intel64 Family 6 Model 141 Stepping 1, GenuineIntel
TMP=C:\Users\rasho\AppData\Local\Temp
TEMP=C:\Users\rasho\AppData\Local\Temp



---------------  S Y S T E M  ---------------

OS:
 Windows 11 , 64 bit Build 26100 (10.0.26100.7920)
OS uptime: 4 days 1:16 hours
Hyper-V role detected

CPU: total 16 (initial active 16) (8 cores per cpu, 2 threads per core) family 6 model 141 stepping 1 microcode 0x58, cx8, cmov, fxsr, ht, mmx, 3dnowpref, sse, sse2, sse3, ssse3, sse4.1, sse4.2, popcnt, lzcnt, tsc, tscinvbit, avx, avx2, aes, erms, clmul, bmi1, bmi2, adx, avx512f, avx512dq, avx512cd, avx512bw, avx512vl, sha, fma, vzeroupper, avx512_vpopcntdq, avx512_vpclmulqdq, avx512_vaes, avx512_vnni, clflush, clflushopt, clwb, avx512_vbmi2, avx512_vbmi, hv
Processor Information for all 16 processors :
  Max Mhz: 2304, Current Mhz: 2304, Mhz Limit: 2304

Memory: 4k page, system-wide physical 16103M (2050M free)
TotalPageFile size 56327M (AvailPageFile size 68M)
current process WorkingSet (physical memory assigned to process): 43M, peak: 43M
current process commit charge ("private bytes"): 349M, peak: 349M

vm_info: OpenJDK 64-Bit Server VM (17.0.8.1+1) for windows-amd64 JRE (17.0.8.1+1), built on Aug 23 2023 15:29:17 by "admin" with MS VC++ 16.7 (VS2019)

END.
